<?xml version='1.0' encoding='utf-8'?>
<testsuites name="cbflow-test-suite" tests="1633" failures="17" skipped="124" time="347.225"><testsuite name="e2e.denali/CLP" tests="20" failures="0" skipped="1"><testcase classname="e2e.denali/CLP" name="workspace_create" time="0.000" /><testcase classname="e2e.denali/CLP" name="run_all" time="0.000" /><testcase classname="e2e.denali/CLP" name="e2e1_run_dir_structure" time="0.000" /><testcase classname="e2e.denali/CLP" name="e2e2_db_initialized" time="0.000" /><testcase classname="e2e.denali/CLP" name="e2e3_config_resolved" time="0.000" /><testcase classname="e2e.denali/CLP" name="e2e4_dag_populated" time="0.000" /><testcase classname="e2e.denali/CLP" name="e2e5_all_stages_terminal_ok" time="0.000" /><testcase classname="e2e.denali/CLP" name="e2e6_stage_metrics_populated" time="0.000"><skipped message="stage_metrics empty (test_mode may skip metric capture)" /></testcase><testcase classname="e2e.denali/CLP" name="e2e7_logs_captured" time="0.000" /><testcase classname="e2e.denali/CLP" name="e2e8_run_status_command" time="0.000" /><testcase classname="e2e.denali/CLP" name="e2e9_no_invalid_command" time="0.000" /><testcase classname="e2e.denali/CLP" name="e2e10_flow_procs_executed" time="0.000" /><testcase classname="e2e.denali/CLP" name="e2e11_no_test_mode_fallthrough" time="0.000" /><testcase classname="e2e.denali/CLP" name="e2e12_runtime_tcl_generated" time="0.000" /><testcase classname="e2e.denali/CLP" name="e2e13_each_subnode_logged" time="0.000" /><testcase classname="e2e.denali/CLP" name="e2e14_outputs_dir_nonempty" time="0.000" /><testcase classname="e2e.denali/CLP" name="e2e15_config_no_unresolved" time="0.000" /><testcase classname="e2e.denali/CLP" name="e2e16_no_array_element_missing" time="0.000" /><testcase classname="e2e.denali/CLP" name="e2e17_db_run_logs_table" time="0.000" /><testcase classname="e2e.denali/CLP" name="e2e18_no_handler_errors" time="0.000" /></testsuite><testsuite name="e2e.denali/ECO" tests="1" failures="0" skipped="1"><testcase classname="e2e.denali/ECO" name="prepare_sandbox" time="0.000"><skipped message="no fixture in /Users/vmerugu/projects/CBflow_clone/workarea_test for flow=ECO (project=denali)" /></testcase></testsuite><testsuite name="e2e.denali/EMIR" tests="1" failures="0" skipped="1"><testcase classname="e2e.denali/EMIR" name="prepare_sandbox" time="0.000"><skipped message="no fixture in /Users/vmerugu/projects/CBflow_clone/workarea_test for flow=EMIR (project=denali)" /></testcase></testsuite><testsuite name="e2e.denali/FCFP" tests="1" failures="0" skipped="1"><testcase classname="e2e.denali/FCFP" name="prepare_sandbox" time="0.000"><skipped message="no fixture in /Users/vmerugu/projects/CBflow_clone/workarea_test for flow=FCFP (project=denali)" /></testcase></testsuite><testsuite name="e2e.denali/FP" tests="20" failures="2" skipped="1"><testcase classname="e2e.denali/FP" name="workspace_create" time="0.000" /><testcase classname="e2e.denali/FP" name="run_all" time="0.000" /><testcase classname="e2e.denali/FP" name="e2e1_run_dir_structure" time="0.000" /><testcase classname="e2e.denali/FP" name="e2e2_db_initialized" time="0.000" /><testcase classname="e2e.denali/FP" name="e2e3_config_resolved" time="0.000" /><testcase classname="e2e.denali/FP" name="e2e4_dag_populated" time="0.000" /><testcase classname="e2e.denali/FP" name="e2e5_all_stages_terminal_ok" time="0.000" /><testcase classname="e2e.denali/FP" name="e2e6_stage_metrics_populated" time="0.000"><skipped message="stage_metrics empty (test_mode may skip metric capture)" /></testcase><testcase classname="e2e.denali/FP" name="e2e7_logs_captured" time="0.000" /><testcase classname="e2e.denali/FP" name="e2e8_run_status_command" time="0.000" /><testcase classname="e2e.denali/FP" name="e2e9_no_invalid_command" time="0.000" /><testcase classname="e2e.denali/FP" name="e2e10_flow_procs_executed" time="0.000"><failure message="1 stage(s) with un-executed procs: [&quot;powerplan1: ['activate_node_scenarios', 'load_design']&quot;]">1 stage(s) with un-executed procs: ["powerplan1: ['activate_node_scenarios', 'load_design']"]</failure></testcase><testcase classname="e2e.denali/FP" name="e2e11_no_test_mode_fallthrough" time="0.000" /><testcase classname="e2e.denali/FP" name="e2e12_runtime_tcl_generated" time="0.000" /><testcase classname="e2e.denali/FP" name="e2e13_each_subnode_logged" time="0.000" /><testcase classname="e2e.denali/FP" name="e2e14_outputs_dir_nonempty" time="0.000" /><testcase classname="e2e.denali/FP" name="e2e15_config_no_unresolved" time="0.000" /><testcase classname="e2e.denali/FP" name="e2e16_no_array_element_missing" time="0.000" /><testcase classname="e2e.denali/FP" name="e2e17_db_run_logs_table" time="0.000" /><testcase classname="e2e.denali/FP" name="e2e18_no_handler_errors" time="0.000"><failure message="handler errors in: export_data1_run.log">handler errors in: export_data1_run.log</failure></testcase></testsuite><testsuite name="e2e.denali/LEC" tests="20" failures="0" skipped="1"><testcase classname="e2e.denali/LEC" name="workspace_create" time="0.000" /><testcase classname="e2e.denali/LEC" name="run_all" time="0.000" /><testcase classname="e2e.denali/LEC" name="e2e1_run_dir_structure" time="0.000" /><testcase classname="e2e.denali/LEC" name="e2e2_db_initialized" time="0.000" /><testcase classname="e2e.denali/LEC" name="e2e3_config_resolved" time="0.000" /><testcase classname="e2e.denali/LEC" name="e2e4_dag_populated" time="0.000" /><testcase classname="e2e.denali/LEC" name="e2e5_all_stages_terminal_ok" time="0.000" /><testcase classname="e2e.denali/LEC" name="e2e6_stage_metrics_populated" time="0.000"><skipped message="stage_metrics empty (test_mode may skip metric capture)" /></testcase><testcase classname="e2e.denali/LEC" name="e2e7_logs_captured" time="0.000" /><testcase classname="e2e.denali/LEC" name="e2e8_run_status_command" time="0.000" /><testcase classname="e2e.denali/LEC" name="e2e9_no_invalid_command" time="0.000" /><testcase classname="e2e.denali/LEC" name="e2e10_flow_procs_executed" time="0.000" /><testcase classname="e2e.denali/LEC" name="e2e11_no_test_mode_fallthrough" time="0.000" /><testcase classname="e2e.denali/LEC" name="e2e12_runtime_tcl_generated" time="0.000" /><testcase classname="e2e.denali/LEC" name="e2e13_each_subnode_logged" time="0.000" /><testcase classname="e2e.denali/LEC" name="e2e14_outputs_dir_nonempty" time="0.000" /><testcase classname="e2e.denali/LEC" name="e2e15_config_no_unresolved" time="0.000" /><testcase classname="e2e.denali/LEC" name="e2e16_no_array_element_missing" time="0.000" /><testcase classname="e2e.denali/LEC" name="e2e17_db_run_logs_table" time="0.000" /><testcase classname="e2e.denali/LEC" name="e2e18_no_handler_errors" time="0.000" /></testsuite><testsuite name="e2e.denali/PNR" tests="20" failures="3" skipped="1"><testcase classname="e2e.denali/PNR" name="workspace_create" time="0.000" /><testcase classname="e2e.denali/PNR" name="run_all" time="0.000" /><testcase classname="e2e.denali/PNR" name="e2e1_run_dir_structure" time="0.000" /><testcase classname="e2e.denali/PNR" name="e2e2_db_initialized" time="0.000" /><testcase classname="e2e.denali/PNR" name="e2e3_config_resolved" time="0.000" /><testcase classname="e2e.denali/PNR" name="e2e4_dag_populated" time="0.000" /><testcase classname="e2e.denali/PNR" name="e2e5_all_stages_terminal_ok" time="0.000" /><testcase classname="e2e.denali/PNR" name="e2e6_stage_metrics_populated" time="0.000"><skipped message="stage_metrics empty (test_mode may skip metric capture)" /></testcase><testcase classname="e2e.denali/PNR" name="e2e7_logs_captured" time="0.000"><failure message="Tcl errors found in: route1_run.log, pro1_run.log, place1_run.log">Tcl errors found in: route1_run.log, pro1_run.log, place1_run.log</failure></testcase><testcase classname="e2e.denali/PNR" name="e2e8_run_status_command" time="0.000" /><testcase classname="e2e.denali/PNR" name="e2e9_no_invalid_command" time="0.000" /><testcase classname="e2e.denali/PNR" name="e2e10_flow_procs_executed" time="0.000"><failure message="1 stage(s) with un-executed procs: [&quot;export_data1: ['enable_mmmc', 'export_layout_data', 'load_design', 'setup_export_directories']&quot;]">1 stage(s) with un-executed procs: ["export_data1: ['enable_mmmc', 'export_layout_data', 'load_design', 'setup_export_directories']"]</failure></testcase><testcase classname="e2e.denali/PNR" name="e2e11_no_test_mode_fallthrough" time="0.000" /><testcase classname="e2e.denali/PNR" name="e2e12_runtime_tcl_generated" time="0.000" /><testcase classname="e2e.denali/PNR" name="e2e13_each_subnode_logged" time="0.000" /><testcase classname="e2e.denali/PNR" name="e2e14_outputs_dir_nonempty" time="0.000" /><testcase classname="e2e.denali/PNR" name="e2e15_config_no_unresolved" time="0.000" /><testcase classname="e2e.denali/PNR" name="e2e16_no_array_element_missing" time="0.000"><failure message="6 missing array keys: ['pnr(route,effort)', 'pnr(route,post_opt_effort)', 'pnr(route,fix_antenna)']">6 missing array keys: ['pnr(route,effort)', 'pnr(route,post_opt_effort)', 'pnr(route,fix_antenna)']</failure></testcase><testcase classname="e2e.denali/PNR" name="e2e17_db_run_logs_table" time="0.000" /><testcase classname="e2e.denali/PNR" name="e2e18_no_handler_errors" time="0.000" /></testsuite><testsuite name="e2e.denali/POPT" tests="1" failures="0" skipped="1"><testcase classname="e2e.denali/POPT" name="prepare_sandbox" time="0.000"><skipped message="no fixture in /Users/vmerugu/projects/CBflow_clone/workarea_test for flow=POPT (project=denali)" /></testcase></testsuite><testsuite name="e2e.denali/PV" tests="1" failures="0" skipped="1"><testcase classname="e2e.denali/PV" name="prepare_sandbox" time="0.000"><skipped message="no fixture in /Users/vmerugu/projects/CBflow_clone/workarea_test for flow=PV (project=denali)" /></testcase></testsuite><testsuite name="e2e.denali/STA" tests="20" failures="0" skipped="2"><testcase classname="e2e.denali/STA" name="workspace_create" time="0.000" /><testcase classname="e2e.denali/STA" name="run_all" time="0.000" /><testcase classname="e2e.denali/STA" name="e2e1_run_dir_structure" time="0.000" /><testcase classname="e2e.denali/STA" name="e2e2_db_initialized" time="0.000" /><testcase classname="e2e.denali/STA" name="e2e3_config_resolved" time="0.000" /><testcase classname="e2e.denali/STA" name="e2e4_dag_populated" time="0.000" /><testcase classname="e2e.denali/STA" name="e2e5_all_stages_terminal_ok" time="0.000" /><testcase classname="e2e.denali/STA" name="e2e6_stage_metrics_populated" time="0.000"><skipped message="stage_metrics empty (test_mode may skip metric capture)" /></testcase><testcase classname="e2e.denali/STA" name="e2e7_logs_captured" time="0.000" /><testcase classname="e2e.denali/STA" name="e2e8_run_status_command" time="0.000" /><testcase classname="e2e.denali/STA" name="e2e9_no_invalid_command" time="0.000" /><testcase classname="e2e.denali/STA" name="e2e10_flow_procs_executed" time="0.000"><skipped message="no flow_procs registered (no logs or empty stages)" /></testcase><testcase classname="e2e.denali/STA" name="e2e11_no_test_mode_fallthrough" time="0.000" /><testcase classname="e2e.denali/STA" name="e2e12_runtime_tcl_generated" time="0.000" /><testcase classname="e2e.denali/STA" name="e2e13_each_subnode_logged" time="0.000" /><testcase classname="e2e.denali/STA" name="e2e14_outputs_dir_nonempty" time="0.000" /><testcase classname="e2e.denali/STA" name="e2e15_config_no_unresolved" time="0.000" /><testcase classname="e2e.denali/STA" name="e2e16_no_array_element_missing" time="0.000" /><testcase classname="e2e.denali/STA" name="e2e17_db_run_logs_table" time="0.000" /><testcase classname="e2e.denali/STA" name="e2e18_no_handler_errors" time="0.000" /></testsuite><testsuite name="e2e.denali/SYNTH" tests="20" failures="2" skipped="1"><testcase classname="e2e.denali/SYNTH" name="workspace_create" time="0.000" /><testcase classname="e2e.denali/SYNTH" name="run_all" time="0.000" /><testcase classname="e2e.denali/SYNTH" name="e2e1_run_dir_structure" time="0.000" /><testcase classname="e2e.denali/SYNTH" name="e2e2_db_initialized" time="0.000" /><testcase classname="e2e.denali/SYNTH" name="e2e3_config_resolved" time="0.000" /><testcase classname="e2e.denali/SYNTH" name="e2e4_dag_populated" time="0.000" /><testcase classname="e2e.denali/SYNTH" name="e2e5_all_stages_terminal_ok" time="0.000" /><testcase classname="e2e.denali/SYNTH" name="e2e6_stage_metrics_populated" time="0.000"><skipped message="stage_metrics empty (test_mode may skip metric capture)" /></testcase><testcase classname="e2e.denali/SYNTH" name="e2e7_logs_captured" time="0.000" /><testcase classname="e2e.denali/SYNTH" name="e2e8_run_status_command" time="0.000" /><testcase classname="e2e.denali/SYNTH" name="e2e9_no_invalid_command" time="0.000"><failure message="1 invalid command(s): release_data_main (in release_data1_run.log)">1 invalid command(s): release_data_main (in release_data1_run.log)</failure></testcase><testcase classname="e2e.denali/SYNTH" name="e2e10_flow_procs_executed" time="0.000"><failure message="1 stage(s) with un-executed procs: [&quot;release_data1: ['generate_release_output', 'init_release', 'release_data_database', 'release_data_main', 'verify_release_integrity']&quot;]">1 stage(s) with un-executed procs: ["release_data1: ['generate_release_output', 'init_release', 'release_data_database', 'release_data_main', 'verify_release_integrity']"]</failure></testcase><testcase classname="e2e.denali/SYNTH" name="e2e11_no_test_mode_fallthrough" time="0.000" /><testcase classname="e2e.denali/SYNTH" name="e2e12_runtime_tcl_generated" time="0.000" /><testcase classname="e2e.denali/SYNTH" name="e2e13_each_subnode_logged" time="0.000" /><testcase classname="e2e.denali/SYNTH" name="e2e14_outputs_dir_nonempty" time="0.000" /><testcase classname="e2e.denali/SYNTH" name="e2e15_config_no_unresolved" time="0.000" /><testcase classname="e2e.denali/SYNTH" name="e2e16_no_array_element_missing" time="0.000" /><testcase classname="e2e.denali/SYNTH" name="e2e17_db_run_logs_table" time="0.000" /><testcase classname="e2e.denali/SYNTH" name="e2e18_no_handler_errors" time="0.000" /></testsuite><testsuite name="e2e.denali/SYNTH_PNR" tests="1" failures="0" skipped="1"><testcase classname="e2e.denali/SYNTH_PNR" name="prepare_sandbox" time="0.000"><skipped message="no fixture in /Users/vmerugu/projects/CBflow_clone/workarea_test for flow=SYNTH_PNR (project=denali)" /></testcase></testsuite><testsuite name="e2e.ravendrive/CLP" tests="20" failures="0" skipped="1"><testcase classname="e2e.ravendrive/CLP" name="workspace_create" time="0.000" /><testcase classname="e2e.ravendrive/CLP" name="run_all" time="0.000" /><testcase classname="e2e.ravendrive/CLP" name="e2e1_run_dir_structure" time="0.000" /><testcase classname="e2e.ravendrive/CLP" name="e2e2_db_initialized" time="0.000" /><testcase classname="e2e.ravendrive/CLP" name="e2e3_config_resolved" time="0.000" /><testcase classname="e2e.ravendrive/CLP" name="e2e4_dag_populated" time="0.000" /><testcase classname="e2e.ravendrive/CLP" name="e2e5_all_stages_terminal_ok" time="0.000" /><testcase classname="e2e.ravendrive/CLP" name="e2e6_stage_metrics_populated" time="0.000"><skipped message="stage_metrics empty (test_mode may skip metric capture)" /></testcase><testcase classname="e2e.ravendrive/CLP" name="e2e7_logs_captured" time="0.000" /><testcase classname="e2e.ravendrive/CLP" name="e2e8_run_status_command" time="0.000" /><testcase classname="e2e.ravendrive/CLP" name="e2e9_no_invalid_command" time="0.000" /><testcase classname="e2e.ravendrive/CLP" name="e2e10_flow_procs_executed" time="0.000" /><testcase classname="e2e.ravendrive/CLP" name="e2e11_no_test_mode_fallthrough" time="0.000" /><testcase classname="e2e.ravendrive/CLP" name="e2e12_runtime_tcl_generated" time="0.000" /><testcase classname="e2e.ravendrive/CLP" name="e2e13_each_subnode_logged" time="0.000" /><testcase classname="e2e.ravendrive/CLP" name="e2e14_outputs_dir_nonempty" time="0.000" /><testcase classname="e2e.ravendrive/CLP" name="e2e15_config_no_unresolved" time="0.000" /><testcase classname="e2e.ravendrive/CLP" name="e2e16_no_array_element_missing" time="0.000" /><testcase classname="e2e.ravendrive/CLP" name="e2e17_db_run_logs_table" time="0.000" /><testcase classname="e2e.ravendrive/CLP" name="e2e18_no_handler_errors" time="0.000" /></testsuite><testsuite name="e2e.ravendrive/ECO" tests="1" failures="0" skipped="1"><testcase classname="e2e.ravendrive/ECO" name="prepare_sandbox" time="0.000"><skipped message="no fixture in /Users/vmerugu/projects/CBflow_clone/workarea_test for flow=ECO (project=ravendrive)" /></testcase></testsuite><testsuite name="e2e.ravendrive/EMIR" tests="1" failures="0" skipped="1"><testcase classname="e2e.ravendrive/EMIR" name="prepare_sandbox" time="0.000"><skipped message="no fixture in /Users/vmerugu/projects/CBflow_clone/workarea_test for flow=EMIR (project=ravendrive)" /></testcase></testsuite><testsuite name="e2e.ravendrive/FCFP" tests="1" failures="0" skipped="1"><testcase classname="e2e.ravendrive/FCFP" name="prepare_sandbox" time="0.000"><skipped message="no fixture in /Users/vmerugu/projects/CBflow_clone/workarea_test for flow=FCFP (project=ravendrive)" /></testcase></testsuite><testsuite name="e2e.ravendrive/FP" tests="20" failures="2" skipped="1"><testcase classname="e2e.ravendrive/FP" name="workspace_create" time="0.000" /><testcase classname="e2e.ravendrive/FP" name="run_all" time="0.000" /><testcase classname="e2e.ravendrive/FP" name="e2e1_run_dir_structure" time="0.000" /><testcase classname="e2e.ravendrive/FP" name="e2e2_db_initialized" time="0.000" /><testcase classname="e2e.ravendrive/FP" name="e2e3_config_resolved" time="0.000" /><testcase classname="e2e.ravendrive/FP" name="e2e4_dag_populated" time="0.000" /><testcase classname="e2e.ravendrive/FP" name="e2e5_all_stages_terminal_ok" time="0.000" /><testcase classname="e2e.ravendrive/FP" name="e2e6_stage_metrics_populated" time="0.000"><skipped message="stage_metrics empty (test_mode may skip metric capture)" /></testcase><testcase classname="e2e.ravendrive/FP" name="e2e7_logs_captured" time="0.000" /><testcase classname="e2e.ravendrive/FP" name="e2e8_run_status_command" time="0.000" /><testcase classname="e2e.ravendrive/FP" name="e2e9_no_invalid_command" time="0.000" /><testcase classname="e2e.ravendrive/FP" name="e2e10_flow_procs_executed" time="0.000"><failure message="1 stage(s) with un-executed procs: [&quot;powerplan1: ['activate_node_scenarios', 'load_design']&quot;]">1 stage(s) with un-executed procs: ["powerplan1: ['activate_node_scenarios', 'load_design']"]</failure></testcase><testcase classname="e2e.ravendrive/FP" name="e2e11_no_test_mode_fallthrough" time="0.000" /><testcase classname="e2e.ravendrive/FP" name="e2e12_runtime_tcl_generated" time="0.000" /><testcase classname="e2e.ravendrive/FP" name="e2e13_each_subnode_logged" time="0.000" /><testcase classname="e2e.ravendrive/FP" name="e2e14_outputs_dir_nonempty" time="0.000" /><testcase classname="e2e.ravendrive/FP" name="e2e15_config_no_unresolved" time="0.000" /><testcase classname="e2e.ravendrive/FP" name="e2e16_no_array_element_missing" time="0.000" /><testcase classname="e2e.ravendrive/FP" name="e2e17_db_run_logs_table" time="0.000" /><testcase classname="e2e.ravendrive/FP" name="e2e18_no_handler_errors" time="0.000"><failure message="handler errors in: export_data1_run.log">handler errors in: export_data1_run.log</failure></testcase></testsuite><testsuite name="e2e.ravendrive/LEC" tests="20" failures="0" skipped="1"><testcase classname="e2e.ravendrive/LEC" name="workspace_create" time="0.000" /><testcase classname="e2e.ravendrive/LEC" name="run_all" time="0.000" /><testcase classname="e2e.ravendrive/LEC" name="e2e1_run_dir_structure" time="0.000" /><testcase classname="e2e.ravendrive/LEC" name="e2e2_db_initialized" time="0.000" /><testcase classname="e2e.ravendrive/LEC" name="e2e3_config_resolved" time="0.000" /><testcase classname="e2e.ravendrive/LEC" name="e2e4_dag_populated" time="0.000" /><testcase classname="e2e.ravendrive/LEC" name="e2e5_all_stages_terminal_ok" time="0.000" /><testcase classname="e2e.ravendrive/LEC" name="e2e6_stage_metrics_populated" time="0.000"><skipped message="stage_metrics empty (test_mode may skip metric capture)" /></testcase><testcase classname="e2e.ravendrive/LEC" name="e2e7_logs_captured" time="0.000" /><testcase classname="e2e.ravendrive/LEC" name="e2e8_run_status_command" time="0.000" /><testcase classname="e2e.ravendrive/LEC" name="e2e9_no_invalid_command" time="0.000" /><testcase classname="e2e.ravendrive/LEC" name="e2e10_flow_procs_executed" time="0.000" /><testcase classname="e2e.ravendrive/LEC" name="e2e11_no_test_mode_fallthrough" time="0.000" /><testcase classname="e2e.ravendrive/LEC" name="e2e12_runtime_tcl_generated" time="0.000" /><testcase classname="e2e.ravendrive/LEC" name="e2e13_each_subnode_logged" time="0.000" /><testcase classname="e2e.ravendrive/LEC" name="e2e14_outputs_dir_nonempty" time="0.000" /><testcase classname="e2e.ravendrive/LEC" name="e2e15_config_no_unresolved" time="0.000" /><testcase classname="e2e.ravendrive/LEC" name="e2e16_no_array_element_missing" time="0.000" /><testcase classname="e2e.ravendrive/LEC" name="e2e17_db_run_logs_table" time="0.000" /><testcase classname="e2e.ravendrive/LEC" name="e2e18_no_handler_errors" time="0.000" /></testsuite><testsuite name="e2e.ravendrive/PNR" tests="20" failures="3" skipped="1"><testcase classname="e2e.ravendrive/PNR" name="workspace_create" time="0.000" /><testcase classname="e2e.ravendrive/PNR" name="run_all" time="0.000" /><testcase classname="e2e.ravendrive/PNR" name="e2e1_run_dir_structure" time="0.000" /><testcase classname="e2e.ravendrive/PNR" name="e2e2_db_initialized" time="0.000" /><testcase classname="e2e.ravendrive/PNR" name="e2e3_config_resolved" time="0.000" /><testcase classname="e2e.ravendrive/PNR" name="e2e4_dag_populated" time="0.000" /><testcase classname="e2e.ravendrive/PNR" name="e2e5_all_stages_terminal_ok" time="0.000" /><testcase classname="e2e.ravendrive/PNR" name="e2e6_stage_metrics_populated" time="0.000"><skipped message="stage_metrics empty (test_mode may skip metric capture)" /></testcase><testcase classname="e2e.ravendrive/PNR" name="e2e7_logs_captured" time="0.000"><failure message="Tcl errors found in: route1_run.log, pro1_run.log, place1_run.log">Tcl errors found in: route1_run.log, pro1_run.log, place1_run.log</failure></testcase><testcase classname="e2e.ravendrive/PNR" name="e2e8_run_status_command" time="0.000" /><testcase classname="e2e.ravendrive/PNR" name="e2e9_no_invalid_command" time="0.000" /><testcase classname="e2e.ravendrive/PNR" name="e2e10_flow_procs_executed" time="0.000"><failure message="1 stage(s) with un-executed procs: [&quot;export_data1: ['enable_mmmc', 'export_layout_data', 'load_design', 'setup_export_directories']&quot;]">1 stage(s) with un-executed procs: ["export_data1: ['enable_mmmc', 'export_layout_data', 'load_design', 'setup_export_directories']"]</failure></testcase><testcase classname="e2e.ravendrive/PNR" name="e2e11_no_test_mode_fallthrough" time="0.000" /><testcase classname="e2e.ravendrive/PNR" name="e2e12_runtime_tcl_generated" time="0.000" /><testcase classname="e2e.ravendrive/PNR" name="e2e13_each_subnode_logged" time="0.000" /><testcase classname="e2e.ravendrive/PNR" name="e2e14_outputs_dir_nonempty" time="0.000" /><testcase classname="e2e.ravendrive/PNR" name="e2e15_config_no_unresolved" time="0.000" /><testcase classname="e2e.ravendrive/PNR" name="e2e16_no_array_element_missing" time="0.000"><failure message="6 missing array keys: ['pnr(route,effort)', 'pnr(route,post_opt_effort)', 'pnr(route,fix_antenna)']">6 missing array keys: ['pnr(route,effort)', 'pnr(route,post_opt_effort)', 'pnr(route,fix_antenna)']</failure></testcase><testcase classname="e2e.ravendrive/PNR" name="e2e17_db_run_logs_table" time="0.000" /><testcase classname="e2e.ravendrive/PNR" name="e2e18_no_handler_errors" time="0.000" /></testsuite><testsuite name="e2e.ravendrive/POPT" tests="1" failures="0" skipped="1"><testcase classname="e2e.ravendrive/POPT" name="prepare_sandbox" time="0.000"><skipped message="no fixture in /Users/vmerugu/projects/CBflow_clone/workarea_test for flow=POPT (project=ravendrive)" /></testcase></testsuite><testsuite name="e2e.ravendrive/PV" tests="20" failures="0" skipped="1"><testcase classname="e2e.ravendrive/PV" name="workspace_create" time="0.000" /><testcase classname="e2e.ravendrive/PV" name="run_all" time="0.000" /><testcase classname="e2e.ravendrive/PV" name="e2e1_run_dir_structure" time="0.000" /><testcase classname="e2e.ravendrive/PV" name="e2e2_db_initialized" time="0.000" /><testcase classname="e2e.ravendrive/PV" name="e2e3_config_resolved" time="0.000" /><testcase classname="e2e.ravendrive/PV" name="e2e4_dag_populated" time="0.000" /><testcase classname="e2e.ravendrive/PV" name="e2e5_all_stages_terminal_ok" time="0.000" /><testcase classname="e2e.ravendrive/PV" name="e2e6_stage_metrics_populated" time="0.000"><skipped message="stage_metrics empty (test_mode may skip metric capture)" /></testcase><testcase classname="e2e.ravendrive/PV" name="e2e7_logs_captured" time="0.000" /><testcase classname="e2e.ravendrive/PV" name="e2e8_run_status_command" time="0.000" /><testcase classname="e2e.ravendrive/PV" name="e2e9_no_invalid_command" time="0.000" /><testcase classname="e2e.ravendrive/PV" name="e2e10_flow_procs_executed" time="0.000" /><testcase classname="e2e.ravendrive/PV" name="e2e11_no_test_mode_fallthrough" time="0.000" /><testcase classname="e2e.ravendrive/PV" name="e2e12_runtime_tcl_generated" time="0.000" /><testcase classname="e2e.ravendrive/PV" name="e2e13_each_subnode_logged" time="0.000" /><testcase classname="e2e.ravendrive/PV" name="e2e14_outputs_dir_nonempty" time="0.000" /><testcase classname="e2e.ravendrive/PV" name="e2e15_config_no_unresolved" time="0.000" /><testcase classname="e2e.ravendrive/PV" name="e2e16_no_array_element_missing" time="0.000" /><testcase classname="e2e.ravendrive/PV" name="e2e17_db_run_logs_table" time="0.000" /><testcase classname="e2e.ravendrive/PV" name="e2e18_no_handler_errors" time="0.000" /></testsuite><testsuite name="e2e.ravendrive/STA" tests="20" failures="3" skipped="1"><testcase classname="e2e.ravendrive/STA" name="workspace_create" time="0.000" /><testcase classname="e2e.ravendrive/STA" name="run_all" time="0.000" /><testcase classname="e2e.ravendrive/STA" name="e2e1_run_dir_structure" time="0.000" /><testcase classname="e2e.ravendrive/STA" name="e2e2_db_initialized" time="0.000" /><testcase classname="e2e.ravendrive/STA" name="e2e3_config_resolved" time="0.000" /><testcase classname="e2e.ravendrive/STA" name="e2e4_dag_populated" time="0.000" /><testcase classname="e2e.ravendrive/STA" name="e2e5_all_stages_terminal_ok" time="0.000" /><testcase classname="e2e.ravendrive/STA" name="e2e6_stage_metrics_populated" time="0.000"><skipped message="stage_metrics empty (test_mode may skip metric capture)" /></testcase><testcase classname="e2e.ravendrive/STA" name="e2e7_logs_captured" time="0.000"><failure message="Tcl errors found in: release_data1_run.log">Tcl errors found in: release_data1_run.log</failure></testcase><testcase classname="e2e.ravendrive/STA" name="e2e8_run_status_command" time="0.000" /><testcase classname="e2e.ravendrive/STA" name="e2e9_no_invalid_command" time="0.000" /><testcase classname="e2e.ravendrive/STA" name="e2e10_flow_procs_executed" time="0.000" /><testcase classname="e2e.ravendrive/STA" name="e2e11_no_test_mode_fallthrough" time="0.000" /><testcase classname="e2e.ravendrive/STA" name="e2e12_runtime_tcl_generated" time="0.000"><failure message="1 stage(s) missing runtime artifacts: ['STA/reporting']">1 stage(s) missing runtime artifacts: ['STA/reporting']</failure></testcase><testcase classname="e2e.ravendrive/STA" name="e2e13_each_subnode_logged" time="0.000"><failure message="1 incomplete stages: [&quot;STA/reporting missing ['finish', 'run', 'setup', 'validate']&quot;]">1 incomplete stages: ["STA/reporting missing ['finish', 'run', 'setup', 'validate']"]</failure></testcase><testcase classname="e2e.ravendrive/STA" name="e2e14_outputs_dir_nonempty" time="0.000" /><testcase classname="e2e.ravendrive/STA" name="e2e15_config_no_unresolved" time="0.000" /><testcase classname="e2e.ravendrive/STA" name="e2e16_no_array_element_missing" time="0.000" /><testcase classname="e2e.ravendrive/STA" name="e2e17_db_run_logs_table" time="0.000" /><testcase classname="e2e.ravendrive/STA" name="e2e18_no_handler_errors" time="0.000" /></testsuite><testsuite name="e2e.ravendrive/SYNTH" tests="20" failures="2" skipped="1"><testcase classname="e2e.ravendrive/SYNTH" name="workspace_create" time="0.000" /><testcase classname="e2e.ravendrive/SYNTH" name="run_all" time="0.000" /><testcase classname="e2e.ravendrive/SYNTH" name="e2e1_run_dir_structure" time="0.000" /><testcase classname="e2e.ravendrive/SYNTH" name="e2e2_db_initialized" time="0.000" /><testcase classname="e2e.ravendrive/SYNTH" name="e2e3_config_resolved" time="0.000" /><testcase classname="e2e.ravendrive/SYNTH" name="e2e4_dag_populated" time="0.000" /><testcase classname="e2e.ravendrive/SYNTH" name="e2e5_all_stages_terminal_ok" time="0.000" /><testcase classname="e2e.ravendrive/SYNTH" name="e2e6_stage_metrics_populated" time="0.000"><skipped message="stage_metrics empty (test_mode may skip metric capture)" /></testcase><testcase classname="e2e.ravendrive/SYNTH" name="e2e7_logs_captured" time="0.000" /><testcase classname="e2e.ravendrive/SYNTH" name="e2e8_run_status_command" time="0.000" /><testcase classname="e2e.ravendrive/SYNTH" name="e2e9_no_invalid_command" time="0.000"><failure message="1 invalid command(s): release_data_main (in release_data1_run.log)">1 invalid command(s): release_data_main (in release_data1_run.log)</failure></testcase><testcase classname="e2e.ravendrive/SYNTH" name="e2e10_flow_procs_executed" time="0.000"><failure message="2 stage(s) with un-executed procs: [&quot;release_data1: ['generate_release_output', 'init_release', 'release_data_database', 'release_data_main', 'verify_release_integrity']&quot;, &quot;synthesis1: ['generate_reports', 'load_constraints', 'read_design', 'save_design', 'setup_design_checks', 'setup_dft', 'setup_dont_use', 'setup_genus_options', 'setup_mmmc', 'setup_power_intent', 'syn_generic_step', 'syn_map_step', 'syn_opt_step']&quot;]">2 stage(s) with un-executed procs: ["release_data1: ['generate_release_output', 'init_release', 'release_data_database', 'release_data_main', 'verify_release_integrity']", "synthesis1: ['generate_reports', 'load_constraints', 'read_design', 'save_design', 'setup_design_checks', 'setup_dft', 'setup_dont_use', 'setup_genus_options', 'setup_mmmc', 'setup_power_intent', 'syn_generic_step', 'syn_map_step', 'syn_opt_step']"]</failure></testcase><testcase classname="e2e.ravendrive/SYNTH" name="e2e11_no_test_mode_fallthrough" time="0.000" /><testcase classname="e2e.ravendrive/SYNTH" name="e2e12_runtime_tcl_generated" time="0.000" /><testcase classname="e2e.ravendrive/SYNTH" name="e2e13_each_subnode_logged" time="0.000" /><testcase classname="e2e.ravendrive/SYNTH" name="e2e14_outputs_dir_nonempty" time="0.000" /><testcase classname="e2e.ravendrive/SYNTH" name="e2e15_config_no_unresolved" time="0.000" /><testcase classname="e2e.ravendrive/SYNTH" name="e2e16_no_array_element_missing" time="0.000" /><testcase classname="e2e.ravendrive/SYNTH" name="e2e17_db_run_logs_table" time="0.000" /><testcase classname="e2e.ravendrive/SYNTH" name="e2e18_no_handler_errors" time="0.000" /></testsuite><testsuite name="e2e.ravendrive/SYNTH_PNR" tests="20" failures="0" skipped="1"><testcase classname="e2e.ravendrive/SYNTH_PNR" name="workspace_create" time="0.000" /><testcase classname="e2e.ravendrive/SYNTH_PNR" name="run_all" time="0.000" /><testcase classname="e2e.ravendrive/SYNTH_PNR" name="e2e1_run_dir_structure" time="0.000" /><testcase classname="e2e.ravendrive/SYNTH_PNR" name="e2e2_db_initialized" time="0.000" /><testcase classname="e2e.ravendrive/SYNTH_PNR" name="e2e3_config_resolved" time="0.000" /><testcase classname="e2e.ravendrive/SYNTH_PNR" name="e2e4_dag_populated" time="0.000" /><testcase classname="e2e.ravendrive/SYNTH_PNR" name="e2e5_all_stages_terminal_ok" time="0.000" /><testcase classname="e2e.ravendrive/SYNTH_PNR" name="e2e6_stage_metrics_populated" time="0.000"><skipped message="stage_metrics empty (test_mode may skip metric capture)" /></testcase><testcase classname="e2e.ravendrive/SYNTH_PNR" name="e2e7_logs_captured" time="0.000" /><testcase classname="e2e.ravendrive/SYNTH_PNR" name="e2e8_run_status_command" time="0.000" /><testcase classname="e2e.ravendrive/SYNTH_PNR" name="e2e9_no_invalid_command" time="0.000" /><testcase classname="e2e.ravendrive/SYNTH_PNR" name="e2e10_flow_procs_executed" time="0.000" /><testcase classname="e2e.ravendrive/SYNTH_PNR" name="e2e11_no_test_mode_fallthrough" time="0.000" /><testcase classname="e2e.ravendrive/SYNTH_PNR" name="e2e12_runtime_tcl_generated" time="0.000" /><testcase classname="e2e.ravendrive/SYNTH_PNR" name="e2e13_each_subnode_logged" time="0.000" /><testcase classname="e2e.ravendrive/SYNTH_PNR" name="e2e14_outputs_dir_nonempty" time="0.000" /><testcase classname="e2e.ravendrive/SYNTH_PNR" name="e2e15_config_no_unresolved" time="0.000" /><testcase classname="e2e.ravendrive/SYNTH_PNR" name="e2e16_no_array_element_missing" time="0.000" /><testcase classname="e2e.ravendrive/SYNTH_PNR" name="e2e17_db_run_logs_table" time="0.000" /><testcase classname="e2e.ravendrive/SYNTH_PNR" name="e2e18_no_handler_errors" time="0.000" /></testsuite><testsuite name="static.10" tests="3" failures="0" skipped="0"><testcase classname="static.10" name="no raw .tcl file reads in PD/utils/ outside cbflow_config.py" time="0.000" /><testcase classname="static.10" name="no .get(key, default) fallbacks on resolved-config dicts" time="0.000" /><testcase classname="static.10" name="resolver emits all 13 schema-v2 required keys" time="0.000" /></testsuite><testsuite name="static.11" tests="1" failures="0" skipped="0"><testcase classname="static.11" name="all 747 .tcl files clean: no `#` / `;#` inside `array set` blocks" time="0.000" /></testsuite><testsuite name="static.12" tests="1" failures="0" skipped="0"><testcase classname="static.12" name="all 502 resolved keys match expected shape (no corruption artifacts)" time="0.000" /></testsuite><testsuite name="static.13" tests="3" failures="0" skipped="0"><testcase classname="static.13" name="all 8 handler-required static lsf(...) keys emitted" time="0.000" /><testcase classname="static.13" name="all 6 tier(s) × 4 attr(s) emitted (['L', 'M', 'S', 'XL', 'XS', 'ultra'])" time="0.000" /><testcase classname="static.13" name="all 178 flow_mapping entries point at defined tiers" time="0.000" /></testsuite><testsuite name="static.cat1_workspace_creation" tests="445" failures="0" skipped="0"><testcase classname="static.cat1_workspace_creation" name="SYNTH: node config exists" time="0.000" /><testcase classname="static.cat1_workspace_creation" name="SYNTH: stages defined" time="0.000" /><testcase classname="static.cat1_workspace_creation" name="SYNTH/rtl1: dependency defined" time="0.000" /><testcase classname="static.cat1_workspace_creation" name="SYNTH/rtl1: stage_types defined" time="0.000" /><testcase classname="static.cat1_workspace_creation" name="SYNTH/rtl1: node_types defined" time="0.000" /><testcase classname="static.cat1_workspace_creation" name="SYNTH/rtl1: timeout defined" time="0.000" /><testcase classname="static.cat1_workspace_creation" name="SYNTH/sdc1: dependency defined" time="0.000" /><testcase classname="static.cat1_workspace_creation" name="SYNTH/sdc1: stage_types defined" time="0.000" /><testcase classname="static.cat1_workspace_creation" name="SYNTH/sdc1: node_types defined" time="0.000" /><testcase classname="static.cat1_workspace_creation" name="SYNTH/sdc1: timeout defined" time="0.000" /><testcase classname="static.cat1_workspace_creation" name="SYNTH/upf1: dependency defined" time="0.000" /><testcase classname="static.cat1_workspace_creation" name="SYNTH/upf1: stage_types defined" time="0.000" /><testcase classname="static.cat1_workspace_creation" name="SYNTH/upf1: node_types defined" time="0.000" /><testcase classname="static.cat1_workspace_creation" name="SYNTH/upf1: timeout defined" time="0.000" /><testcase classname="static.cat1_workspace_creation" name="SYNTH/synthesis1: dependency defined" time="0.000" /><testcase classname="static.cat1_workspace_creation" name="SYNTH/synthesis1: stage_types defined" time="0.000" /><testcase classname="static.cat1_workspace_creation" name="SYNTH/synthesis1: node_types defined" time="0.000" /><testcase classname="static.cat1_workspace_creation" name="SYNTH/synthesis1: timeout defined" time="0.000" /><testcase classname="static.cat1_workspace_creation" name="SYNTH/export_data1: dependency defined" time="0.000" /><testcase classname="static.cat1_workspace_creation" name="SYNTH/export_data1: stage_types defined" time="0.000" /><testcase classname="static.cat1_workspace_creation" name="SYNTH/export_data1: node_types defined" time="0.000" /><testcase classname="static.cat1_workspace_creation" name="SYNTH/export_data1: timeout defined" time="0.000" /><testcase classname="static.cat1_workspace_creation" name="SYNTH/release_data1: dependency defined" time="0.000" /><testcase classname="static.cat1_workspace_creation" name="SYNTH/release_data1: stage_types defined" time="0.000" /><testcase classname="static.cat1_workspace_creation" name="SYNTH/release_data1: node_types defined" time="0.000" /><testcase classname="static.cat1_workspace_creation" name="SYNTH/release_data1: timeout defined" time="0.000" /><testcase classname="static.cat1_workspace_creation" name="FP: node config exists" time="0.000" /><testcase classname="static.cat1_workspace_creation" name="FP: stages defined" time="0.000" /><testcase classname="static.cat1_workspace_creation" name="FP/netlist1: dependency defined" time="0.000" /><testcase classname="static.cat1_workspace_creation" name="FP/netlist1: stage_types defined" time="0.000" /><testcase classname="static.cat1_workspace_creation" name="FP/netlist1: node_types defined" time="0.000" /><testcase classname="static.cat1_workspace_creation" name="FP/netlist1: timeout defined" time="0.000" /><testcase classname="static.cat1_workspace_creation" name="FP/sdc1: dependency defined" time="0.000" /><testcase classname="static.cat1_workspace_creation" name="FP/sdc1: stage_types defined" time="0.000" /><testcase classname="static.cat1_workspace_creation" name="FP/sdc1: node_types defined" time="0.000" /><testcase classname="static.cat1_workspace_creation" name="FP/sdc1: timeout defined" time="0.000" /><testcase classname="static.cat1_workspace_creation" name="FP/def1: dependency defined" time="0.000" /><testcase classname="static.cat1_workspace_creation" name="FP/def1: stage_types defined" time="0.000" /><testcase classname="static.cat1_workspace_creation" name="FP/def1: node_types defined" time="0.000" /><testcase classname="static.cat1_workspace_creation" name="FP/def1: timeout defined" time="0.000" /><testcase classname="static.cat1_workspace_creation" name="FP/upf1: dependency defined" time="0.000" /><testcase classname="static.cat1_workspace_creation" name="FP/upf1: stage_types defined" time="0.000" /><testcase classname="static.cat1_workspace_creation" name="FP/upf1: node_types defined" time="0.000" /><testcase classname="static.cat1_workspace_creation" name="FP/upf1: timeout defined" time="0.000" /><testcase classname="static.cat1_workspace_creation" name="FP/library1: dependency defined" time="0.000" /><testcase classname="static.cat1_workspace_creation" name="FP/library1: stage_types defined" time="0.000" /><testcase classname="static.cat1_workspace_creation" name="FP/library1: node_types defined" time="0.000" /><testcase classname="static.cat1_workspace_creation" name="FP/library1: timeout defined" time="0.000" /><testcase classname="static.cat1_workspace_creation" name="FP/init_design1: dependency defined" time="0.000" /><testcase classname="static.cat1_workspace_creation" name="FP/init_design1: stage_types defined" time="0.000" /><testcase classname="static.cat1_workspace_creation" name="FP/init_design1: node_types defined" time="0.000" /><testcase classname="static.cat1_workspace_creation" name="FP/init_design1: timeout defined" time="0.000" /><testcase classname="static.cat1_workspace_creation" name="FP/floorplan1: dependency defined" time="0.000" /><testcase classname="static.cat1_workspace_creation" name="FP/floorplan1: stage_types defined" time="0.000" /><testcase classname="static.cat1_workspace_creation" name="FP/floorplan1: node_types defined" time="0.000" /><testcase classname="static.cat1_workspace_creation" name="FP/floorplan1: timeout defined" time="0.000" /><testcase classname="static.cat1_workspace_creation" name="FP/powerplan1: dependency defined" time="0.000" /><testcase classname="static.cat1_workspace_creation" name="FP/powerplan1: stage_types defined" time="0.000" /><testcase classname="static.cat1_workspace_creation" name="FP/powerplan1: node_types defined" time="0.000" /><testcase classname="static.cat1_workspace_creation" name="FP/powerplan1: timeout defined" time="0.000" /><testcase classname="static.cat1_workspace_creation" name="FP/export_data1: dependency defined" time="0.000" /><testcase classname="static.cat1_workspace_creation" name="FP/export_data1: stage_types defined" time="0.000" /><testcase classname="static.cat1_workspace_creation" name="FP/export_data1: node_types defined" time="0.000" /><testcase classname="static.cat1_workspace_creation" name="FP/export_data1: timeout defined" time="0.000" /><testcase classname="static.cat1_workspace_creation" name="FP/release_data1: dependency defined" time="0.000" /><testcase classname="static.cat1_workspace_creation" name="FP/release_data1: stage_types defined" time="0.000" /><testcase classname="static.cat1_workspace_creation" name="FP/release_data1: node_types defined" time="0.000" /><testcase classname="static.cat1_workspace_creation" name="FP/release_data1: timeout defined" time="0.000" /><testcase classname="static.cat1_workspace_creation" name="PNR: node config exists" time="0.000" /><testcase classname="static.cat1_workspace_creation" name="PNR: stages defined" time="0.000" /><testcase classname="static.cat1_workspace_creation" name="PNR/netlist1: dependency defined" time="0.000" /><testcase classname="static.cat1_workspace_creation" name="PNR/netlist1: stage_types defined" time="0.000" /><testcase classname="static.cat1_workspace_creation" name="PNR/netlist1: node_types defined" time="0.000" /><testcase classname="static.cat1_workspace_creation" name="PNR/netlist1: timeout defined" time="0.000" /><testcase classname="static.cat1_workspace_creation" name="PNR/sdc1: dependency defined" time="0.000" /><testcase classname="static.cat1_workspace_creation" name="PNR/sdc1: stage_types defined" time="0.000" /><testcase classname="static.cat1_workspace_creation" name="PNR/sdc1: node_types defined" time="0.000" /><testcase classname="static.cat1_workspace_creation" name="PNR/sdc1: timeout defined" time="0.000" /><testcase classname="static.cat1_workspace_creation" name="PNR/def1: dependency defined" time="0.000" /><testcase classname="static.cat1_workspace_creation" name="PNR/def1: stage_types defined" time="0.000" /><testcase classname="static.cat1_workspace_creation" name="PNR/def1: node_types defined" time="0.000" /><testcase classname="static.cat1_workspace_creation" name="PNR/def1: timeout defined" time="0.000" /><testcase classname="static.cat1_workspace_creation" name="PNR/upf1: dependency defined" time="0.000" /><testcase classname="static.cat1_workspace_creation" name="PNR/upf1: stage_types defined" time="0.000" /><testcase classname="static.cat1_workspace_creation" name="PNR/upf1: node_types defined" time="0.000" /><testcase classname="static.cat1_workspace_creation" name="PNR/upf1: timeout defined" time="0.000" /><testcase classname="static.cat1_workspace_creation" name="PNR/init_design1: dependency defined" time="0.000" /><testcase classname="static.cat1_workspace_creation" name="PNR/init_design1: stage_types defined" time="0.000" /><testcase classname="static.cat1_workspace_creation" name="PNR/init_design1: node_types defined" time="0.000" /><testcase classname="static.cat1_workspace_creation" name="PNR/init_design1: timeout defined" time="0.000" /><testcase classname="static.cat1_workspace_creation" name="PNR/place1: dependency defined" time="0.000" /><testcase classname="static.cat1_workspace_creation" name="PNR/place1: stage_types defined" time="0.000" /><testcase classname="static.cat1_workspace_creation" name="PNR/place1: node_types defined" time="0.000" /><testcase classname="static.cat1_workspace_creation" name="PNR/place1: timeout defined" time="0.000" /><testcase classname="static.cat1_workspace_creation" name="PNR/cts1: dependency defined" time="0.000" /><testcase classname="static.cat1_workspace_creation" name="PNR/cts1: stage_types defined" time="0.000" /><testcase classname="static.cat1_workspace_creation" name="PNR/cts1: node_types defined" time="0.000" /><testcase classname="static.cat1_workspace_creation" name="PNR/cts1: timeout defined" time="0.000" /><testcase classname="static.cat1_workspace_creation" name="PNR/cts_opt1: dependency defined" time="0.000" /><testcase classname="static.cat1_workspace_creation" name="PNR/cts_opt1: stage_types defined" time="0.000" /><testcase classname="static.cat1_workspace_creation" name="PNR/cts_opt1: node_types defined" time="0.000" /><testcase classname="static.cat1_workspace_creation" name="PNR/cts_opt1: timeout defined" time="0.000" /><testcase classname="static.cat1_workspace_creation" name="PNR/route1: dependency defined" time="0.000" /><testcase classname="static.cat1_workspace_creation" name="PNR/route1: stage_types defined" time="0.000" /><testcase classname="static.cat1_workspace_creation" name="PNR/route1: node_types defined" time="0.000" /><testcase classname="static.cat1_workspace_creation" name="PNR/route1: timeout defined" time="0.000" /><testcase classname="static.cat1_workspace_creation" name="PNR/pro1: dependency defined" time="0.000" /><testcase classname="static.cat1_workspace_creation" name="PNR/pro1: stage_types defined" time="0.000" /><testcase classname="static.cat1_workspace_creation" name="PNR/pro1: node_types defined" time="0.000" /><testcase classname="static.cat1_workspace_creation" name="PNR/pro1: timeout defined" time="0.000" /><testcase classname="static.cat1_workspace_creation" name="PNR/signoff1: dependency defined" time="0.000" /><testcase classname="static.cat1_workspace_creation" name="PNR/signoff1: stage_types defined" time="0.000" /><testcase classname="static.cat1_workspace_creation" name="PNR/signoff1: node_types defined" time="0.000" /><testcase classname="static.cat1_workspace_creation" name="PNR/signoff1: timeout defined" time="0.000" /><testcase classname="static.cat1_workspace_creation" name="PNR/export_data1: dependency defined" time="0.000" /><testcase classname="static.cat1_workspace_creation" name="PNR/export_data1: stage_types defined" time="0.000" /><testcase classname="static.cat1_workspace_creation" name="PNR/export_data1: node_types defined" time="0.000" /><testcase classname="static.cat1_workspace_creation" name="PNR/export_data1: timeout defined" time="0.000" /><testcase classname="static.cat1_workspace_creation" name="PNR/release_data1: dependency defined" time="0.000" /><testcase classname="static.cat1_workspace_creation" name="PNR/release_data1: stage_types defined" time="0.000" /><testcase classname="static.cat1_workspace_creation" name="PNR/release_data1: node_types defined" time="0.000" /><testcase classname="static.cat1_workspace_creation" name="PNR/release_data1: timeout defined" time="0.000" /><testcase classname="static.cat1_workspace_creation" name="STA: node config exists" time="0.000" /><testcase classname="static.cat1_workspace_creation" name="STA: stages defined" time="0.000" /><testcase classname="static.cat1_workspace_creation" name="STA/reporting1: dependency defined" time="0.000" /><testcase classname="static.cat1_workspace_creation" name="STA/reporting1: stage_types defined" time="0.000" /><testcase classname="static.cat1_workspace_creation" name="STA/reporting1: node_types defined" time="0.000" /><testcase classname="static.cat1_workspace_creation" name="STA/reporting1: timeout defined" time="0.000" /><testcase classname="static.cat1_workspace_creation" name="STA/release_data1: dependency defined" time="0.000" /><testcase classname="static.cat1_workspace_creation" name="STA/release_data1: stage_types defined" time="0.000" /><testcase classname="static.cat1_workspace_creation" name="STA/release_data1: node_types defined" time="0.000" /><testcase classname="static.cat1_workspace_creation" name="STA/release_data1: timeout defined" time="0.000" /><testcase classname="static.cat1_workspace_creation" name="LEC: node config exists" time="0.000" /><testcase classname="static.cat1_workspace_creation" name="LEC: stages defined" time="0.000" /><testcase classname="static.cat1_workspace_creation" name="LEC/netlist_golden1: dependency defined" time="0.000" /><testcase classname="static.cat1_workspace_creation" name="LEC/netlist_golden1: stage_types defined" time="0.000" /><testcase classname="static.cat1_workspace_creation" name="LEC/netlist_golden1: node_types defined" time="0.000" /><testcase classname="static.cat1_workspace_creation" name="LEC/netlist_golden1: timeout defined" time="0.000" /><testcase classname="static.cat1_workspace_creation" name="LEC/netlist_revised1: dependency defined" time="0.000" /><testcase classname="static.cat1_workspace_creation" name="LEC/netlist_revised1: stage_types defined" time="0.000" /><testcase classname="static.cat1_workspace_creation" name="LEC/netlist_revised1: node_types defined" time="0.000" /><testcase classname="static.cat1_workspace_creation" name="LEC/netlist_revised1: timeout defined" time="0.000" /><testcase classname="static.cat1_workspace_creation" name="LEC/constraints1: dependency defined" time="0.000" /><testcase classname="static.cat1_workspace_creation" name="LEC/constraints1: stage_types defined" time="0.000" /><testcase classname="static.cat1_workspace_creation" name="LEC/constraints1: node_types defined" time="0.000" /><testcase classname="static.cat1_workspace_creation" name="LEC/constraints1: timeout defined" time="0.000" /><testcase classname="static.cat1_workspace_creation" name="LEC/compare1: dependency defined" time="0.000" /><testcase classname="static.cat1_workspace_creation" name="LEC/compare1: stage_types defined" time="0.000" /><testcase classname="static.cat1_workspace_creation" name="LEC/compare1: node_types defined" time="0.000" /><testcase classname="static.cat1_workspace_creation" name="LEC/compare1: timeout defined" time="0.000" /><testcase classname="static.cat1_workspace_creation" name="LEC/release_data1: dependency defined" time="0.000" /><testcase classname="static.cat1_workspace_creation" name="LEC/release_data1: stage_types defined" time="0.000" /><testcase classname="static.cat1_workspace_creation" name="LEC/release_data1: node_types defined" time="0.000" /><testcase classname="static.cat1_workspace_creation" name="LEC/release_data1: timeout defined" time="0.000" /><testcase classname="static.cat1_workspace_creation" name="EMIR: node config exists" time="0.000" /><testcase classname="static.cat1_workspace_creation" name="EMIR: stages defined" time="0.000" /><testcase classname="static.cat1_workspace_creation" name="EMIR/netlist1: dependency defined" time="0.000" /><testcase classname="static.cat1_workspace_creation" name="EMIR/netlist1: stage_types defined" time="0.000" /><testcase classname="static.cat1_workspace_creation" name="EMIR/netlist1: node_types defined" time="0.000" /><testcase classname="static.cat1_workspace_creation" name="EMIR/netlist1: timeout defined" time="0.000" /><testcase classname="static.cat1_workspace_creation" name="EMIR/def1: dependency defined" time="0.000" /><testcase classname="static.cat1_workspace_creation" name="EMIR/def1: stage_types defined" time="0.000" /><testcase classname="static.cat1_workspace_creation" name="EMIR/def1: node_types defined" time="0.000" /><testcase classname="static.cat1_workspace_creation" name="EMIR/def1: timeout defined" time="0.000" /><testcase classname="static.cat1_workspace_creation" name="EMIR/spef1: dependency defined" time="0.000" /><testcase classname="static.cat1_workspace_creation" name="EMIR/spef1: stage_types defined" time="0.000" /><testcase classname="static.cat1_workspace_creation" name="EMIR/spef1: node_types defined" time="0.000" /><testcase classname="static.cat1_workspace_creation" name="EMIR/spef1: timeout defined" time="0.000" /><testcase classname="static.cat1_workspace_creation" name="EMIR/library1: dependency defined" time="0.000" /><testcase classname="static.cat1_workspace_creation" name="EMIR/library1: stage_types defined" time="0.000" /><testcase classname="static.cat1_workspace_creation" name="EMIR/library1: node_types defined" time="0.000" /><testcase classname="static.cat1_workspace_creation" name="EMIR/library1: timeout defined" time="0.000" /><testcase classname="static.cat1_workspace_creation" name="EMIR/power_analysis1: dependency defined" time="0.000" /><testcase classname="static.cat1_workspace_creation" name="EMIR/power_analysis1: stage_types defined" time="0.000" /><testcase classname="static.cat1_workspace_creation" name="EMIR/power_analysis1: node_types defined" time="0.000" /><testcase classname="static.cat1_workspace_creation" name="EMIR/power_analysis1: timeout defined" time="0.000" /><testcase classname="static.cat1_workspace_creation" name="EMIR/ir_drop1: dependency defined" time="0.000" /><testcase classname="static.cat1_workspace_creation" name="EMIR/ir_drop1: stage_types defined" time="0.000" /><testcase classname="static.cat1_workspace_creation" name="EMIR/ir_drop1: node_types defined" time="0.000" /><testcase classname="static.cat1_workspace_creation" name="EMIR/ir_drop1: timeout defined" time="0.000" /><testcase classname="static.cat1_workspace_creation" name="EMIR/thermal_analysis1: dependency defined" time="0.000" /><testcase classname="static.cat1_workspace_creation" name="EMIR/thermal_analysis1: stage_types defined" time="0.000" /><testcase classname="static.cat1_workspace_creation" name="EMIR/thermal_analysis1: node_types defined" time="0.000" /><testcase classname="static.cat1_workspace_creation" name="EMIR/thermal_analysis1: timeout defined" time="0.000" /><testcase classname="static.cat1_workspace_creation" name="PV: node config exists" time="0.000" /><testcase classname="static.cat1_workspace_creation" name="PV: stages defined" time="0.000" /><testcase classname="static.cat1_workspace_creation" name="PV/netlist1: dependency defined" time="0.000" /><testcase classname="static.cat1_workspace_creation" name="PV/netlist1: stage_types defined" time="0.000" /><testcase classname="static.cat1_workspace_creation" name="PV/netlist1: node_types defined" time="0.000" /><testcase classname="static.cat1_workspace_creation" name="PV/netlist1: timeout defined" time="0.000" /><testcase classname="static.cat1_workspace_creation" name="PV/def1: dependency defined" time="0.000" /><testcase classname="static.cat1_workspace_creation" name="PV/def1: stage_types defined" time="0.000" /><testcase classname="static.cat1_workspace_creation" name="PV/def1: node_types defined" time="0.000" /><testcase classname="static.cat1_workspace_creation" name="PV/def1: timeout defined" time="0.000" /><testcase classname="static.cat1_workspace_creation" name="PV/gds1: dependency defined" time="0.000" /><testcase classname="static.cat1_workspace_creation" name="PV/gds1: stage_types defined" time="0.000" /><testcase classname="static.cat1_workspace_creation" name="PV/gds1: node_types defined" time="0.000" /><testcase classname="static.cat1_workspace_creation" name="PV/gds1: timeout defined" time="0.000" /><testcase classname="static.cat1_workspace_creation" name="PV/fill1: dependency defined" time="0.000" /><testcase classname="static.cat1_workspace_creation" name="PV/fill1: stage_types defined" time="0.000" /><testcase classname="static.cat1_workspace_creation" name="PV/fill1: node_types defined" time="0.000" /><testcase classname="static.cat1_workspace_creation" name="PV/fill1: timeout defined" time="0.000" /><testcase classname="static.cat1_workspace_creation" name="PV/drc1: dependency defined" time="0.000" /><testcase classname="static.cat1_workspace_creation" name="PV/drc1: stage_types defined" time="0.000" /><testcase classname="static.cat1_workspace_creation" name="PV/drc1: node_types defined" time="0.000" /><testcase classname="static.cat1_workspace_creation" name="PV/drc1: timeout defined" time="0.000" /><testcase classname="static.cat1_workspace_creation" name="PV/lvs1: dependency defined" time="0.000" /><testcase classname="static.cat1_workspace_creation" name="PV/lvs1: stage_types defined" time="0.000" /><testcase classname="static.cat1_workspace_creation" name="PV/lvs1: node_types defined" time="0.000" /><testcase classname="static.cat1_workspace_creation" name="PV/lvs1: timeout defined" time="0.000" /><testcase classname="static.cat1_workspace_creation" name="PV/perc1: dependency defined" time="0.000" /><testcase classname="static.cat1_workspace_creation" name="PV/perc1: stage_types defined" time="0.000" /><testcase classname="static.cat1_workspace_creation" name="PV/perc1: node_types defined" time="0.000" /><testcase classname="static.cat1_workspace_creation" name="PV/perc1: timeout defined" time="0.000" /><testcase classname="static.cat1_workspace_creation" name="PV/erc1: dependency defined" time="0.000" /><testcase classname="static.cat1_workspace_creation" name="PV/erc1: stage_types defined" time="0.000" /><testcase classname="static.cat1_workspace_creation" name="PV/erc1: node_types defined" time="0.000" /><testcase classname="static.cat1_workspace_creation" name="PV/erc1: timeout defined" time="0.000" /><testcase classname="static.cat1_workspace_creation" name="PV/xor1: dependency defined" time="0.000" /><testcase classname="static.cat1_workspace_creation" name="PV/xor1: stage_types defined" time="0.000" /><testcase classname="static.cat1_workspace_creation" name="PV/xor1: node_types defined" time="0.000" /><testcase classname="static.cat1_workspace_creation" name="PV/xor1: timeout defined" time="0.000" /><testcase classname="static.cat1_workspace_creation" name="PV/merge_data1: dependency defined" time="0.000" /><testcase classname="static.cat1_workspace_creation" name="PV/merge_data1: stage_types defined" time="0.000" /><testcase classname="static.cat1_workspace_creation" name="PV/merge_data1: node_types defined" time="0.000" /><testcase classname="static.cat1_workspace_creation" name="PV/merge_data1: timeout defined" time="0.000" /><testcase classname="static.cat1_workspace_creation" name="PV/release_data1: dependency defined" time="0.000" /><testcase classname="static.cat1_workspace_creation" name="PV/release_data1: stage_types defined" time="0.000" /><testcase classname="static.cat1_workspace_creation" name="PV/release_data1: node_types defined" time="0.000" /><testcase classname="static.cat1_workspace_creation" name="PV/release_data1: timeout defined" time="0.000" /><testcase classname="static.cat1_workspace_creation" name="ECO: node config exists" time="0.000" /><testcase classname="static.cat1_workspace_creation" name="ECO: stages defined" time="0.000" /><testcase classname="static.cat1_workspace_creation" name="ECO/netlist1: dependency defined" time="0.000" /><testcase classname="static.cat1_workspace_creation" name="ECO/netlist1: stage_types defined" time="0.000" /><testcase classname="static.cat1_workspace_creation" name="ECO/netlist1: node_types defined" time="0.000" /><testcase classname="static.cat1_workspace_creation" name="ECO/netlist1: timeout defined" time="0.000" /><testcase classname="static.cat1_workspace_creation" name="ECO/def1: dependency defined" time="0.000" /><testcase classname="static.cat1_workspace_creation" name="ECO/def1: stage_types defined" time="0.000" /><testcase classname="static.cat1_workspace_creation" name="ECO/def1: node_types defined" time="0.000" /><testcase classname="static.cat1_workspace_creation" name="ECO/def1: timeout defined" time="0.000" /><testcase classname="static.cat1_workspace_creation" name="ECO/sdc1: dependency defined" time="0.000" /><testcase classname="static.cat1_workspace_creation" name="ECO/sdc1: stage_types defined" time="0.000" /><testcase classname="static.cat1_workspace_creation" name="ECO/sdc1: node_types defined" time="0.000" /><testcase classname="static.cat1_workspace_creation" name="ECO/sdc1: timeout defined" time="0.000" /><testcase classname="static.cat1_workspace_creation" name="ECO/library1: dependency defined" time="0.000" /><testcase classname="static.cat1_workspace_creation" name="ECO/library1: stage_types defined" time="0.000" /><testcase classname="static.cat1_workspace_creation" name="ECO/library1: node_types defined" time="0.000" /><testcase classname="static.cat1_workspace_creation" name="ECO/library1: timeout defined" time="0.000" /><testcase classname="static.cat1_workspace_creation" name="ECO/eco1: dependency defined" time="0.000" /><testcase classname="static.cat1_workspace_creation" name="ECO/eco1: stage_types defined" time="0.000" /><testcase classname="static.cat1_workspace_creation" name="ECO/eco1: node_types defined" time="0.000" /><testcase classname="static.cat1_workspace_creation" name="ECO/eco1: timeout defined" time="0.000" /><testcase classname="static.cat1_workspace_creation" name="ECO/export_db1: dependency defined" time="0.000" /><testcase classname="static.cat1_workspace_creation" name="ECO/export_db1: stage_types defined" time="0.000" /><testcase classname="static.cat1_workspace_creation" name="ECO/export_db1: node_types defined" time="0.000" /><testcase classname="static.cat1_workspace_creation" name="ECO/export_db1: timeout defined" time="0.000" /><testcase classname="static.cat1_workspace_creation" name="CLP: node config exists" time="0.000" /><testcase classname="static.cat1_workspace_creation" name="CLP: stages defined" time="0.000" /><testcase classname="static.cat1_workspace_creation" name="CLP/netlist1: dependency defined" time="0.000" /><testcase classname="static.cat1_workspace_creation" name="CLP/netlist1: stage_types defined" time="0.000" /><testcase classname="static.cat1_workspace_creation" name="CLP/netlist1: node_types defined" time="0.000" /><testcase classname="static.cat1_workspace_creation" name="CLP/netlist1: timeout defined" time="0.000" /><testcase classname="static.cat1_workspace_creation" name="CLP/upf1: dependency defined" time="0.000" /><testcase classname="static.cat1_workspace_creation" name="CLP/upf1: stage_types defined" time="0.000" /><testcase classname="static.cat1_workspace_creation" name="CLP/upf1: node_types defined" time="0.000" /><testcase classname="static.cat1_workspace_creation" name="CLP/upf1: timeout defined" time="0.000" /><testcase classname="static.cat1_workspace_creation" name="CLP/power_spec1: dependency defined" time="0.000" /><testcase classname="static.cat1_workspace_creation" name="CLP/power_spec1: stage_types defined" time="0.000" /><testcase classname="static.cat1_workspace_creation" name="CLP/power_spec1: node_types defined" time="0.000" /><testcase classname="static.cat1_workspace_creation" name="CLP/power_spec1: timeout defined" time="0.000" /><testcase classname="static.cat1_workspace_creation" name="CLP/clp1: dependency defined" time="0.000" /><testcase classname="static.cat1_workspace_creation" name="CLP/clp1: stage_types defined" time="0.000" /><testcase classname="static.cat1_workspace_creation" name="CLP/clp1: node_types defined" time="0.000" /><testcase classname="static.cat1_workspace_creation" name="CLP/clp1: timeout defined" time="0.000" /><testcase classname="static.cat1_workspace_creation" name="CLP/release_data1: dependency defined" time="0.000" /><testcase classname="static.cat1_workspace_creation" name="CLP/release_data1: stage_types defined" time="0.000" /><testcase classname="static.cat1_workspace_creation" name="CLP/release_data1: node_types defined" time="0.000" /><testcase classname="static.cat1_workspace_creation" name="CLP/release_data1: timeout defined" time="0.000" /><testcase classname="static.cat1_workspace_creation" name="POPT: node config exists" time="0.000" /><testcase classname="static.cat1_workspace_creation" name="POPT: stages defined" time="0.000" /><testcase classname="static.cat1_workspace_creation" name="POPT/netlist1: dependency defined" time="0.000" /><testcase classname="static.cat1_workspace_creation" name="POPT/netlist1: stage_types defined" time="0.000" /><testcase classname="static.cat1_workspace_creation" name="POPT/netlist1: node_types defined" time="0.000" /><testcase classname="static.cat1_workspace_creation" name="POPT/netlist1: timeout defined" time="0.000" /><testcase classname="static.cat1_workspace_creation" name="POPT/sdc1: dependency defined" time="0.000" /><testcase classname="static.cat1_workspace_creation" name="POPT/sdc1: stage_types defined" time="0.000" /><testcase classname="static.cat1_workspace_creation" name="POPT/sdc1: node_types defined" time="0.000" /><testcase classname="static.cat1_workspace_creation" name="POPT/sdc1: timeout defined" time="0.000" /><testcase classname="static.cat1_workspace_creation" name="POPT/upf1: dependency defined" time="0.000" /><testcase classname="static.cat1_workspace_creation" name="POPT/upf1: stage_types defined" time="0.000" /><testcase classname="static.cat1_workspace_creation" name="POPT/upf1: node_types defined" time="0.000" /><testcase classname="static.cat1_workspace_creation" name="POPT/upf1: timeout defined" time="0.000" /><testcase classname="static.cat1_workspace_creation" name="POPT/merge_timing1: dependency defined" time="0.000" /><testcase classname="static.cat1_workspace_creation" name="POPT/merge_timing1: stage_types defined" time="0.000" /><testcase classname="static.cat1_workspace_creation" name="POPT/merge_timing1: node_types defined" time="0.000" /><testcase classname="static.cat1_workspace_creation" name="POPT/merge_timing1: timeout defined" time="0.000" /><testcase classname="static.cat1_workspace_creation" name="POPT/power_opt1: dependency defined" time="0.000" /><testcase classname="static.cat1_workspace_creation" name="POPT/power_opt1: stage_types defined" time="0.000" /><testcase classname="static.cat1_workspace_creation" name="POPT/power_opt1: node_types defined" time="0.000" /><testcase classname="static.cat1_workspace_creation" name="POPT/power_opt1: timeout defined" time="0.000" /><testcase classname="static.cat1_workspace_creation" name="POPT/post_merge1: dependency defined" time="0.000" /><testcase classname="static.cat1_workspace_creation" name="POPT/post_merge1: stage_types defined" time="0.000" /><testcase classname="static.cat1_workspace_creation" name="POPT/post_merge1: node_types defined" time="0.000" /><testcase classname="static.cat1_workspace_creation" name="POPT/post_merge1: timeout defined" time="0.000" /><testcase classname="static.cat1_workspace_creation" name="POPT/release_data1: dependency defined" time="0.000" /><testcase classname="static.cat1_workspace_creation" name="POPT/release_data1: stage_types defined" time="0.000" /><testcase classname="static.cat1_workspace_creation" name="POPT/release_data1: node_types defined" time="0.000" /><testcase classname="static.cat1_workspace_creation" name="POPT/release_data1: timeout defined" time="0.000" /><testcase classname="static.cat1_workspace_creation" name="FCFP: node config exists" time="0.000" /><testcase classname="static.cat1_workspace_creation" name="FCFP: stages defined" time="0.000" /><testcase classname="static.cat1_workspace_creation" name="FCFP/netlist1: dependency defined" time="0.000" /><testcase classname="static.cat1_workspace_creation" name="FCFP/netlist1: stage_types defined" time="0.000" /><testcase classname="static.cat1_workspace_creation" name="FCFP/netlist1: node_types defined" time="0.000" /><testcase classname="static.cat1_workspace_creation" name="FCFP/netlist1: timeout defined" time="0.000" /><testcase classname="static.cat1_workspace_creation" name="FCFP/sdc1: dependency defined" time="0.000" /><testcase classname="static.cat1_workspace_creation" name="FCFP/sdc1: stage_types defined" time="0.000" /><testcase classname="static.cat1_workspace_creation" name="FCFP/sdc1: node_types defined" time="0.000" /><testcase classname="static.cat1_workspace_creation" name="FCFP/sdc1: timeout defined" time="0.000" /><testcase classname="static.cat1_workspace_creation" name="FCFP/def1: dependency defined" time="0.000" /><testcase classname="static.cat1_workspace_creation" name="FCFP/def1: stage_types defined" time="0.000" /><testcase classname="static.cat1_workspace_creation" name="FCFP/def1: node_types defined" time="0.000" /><testcase classname="static.cat1_workspace_creation" name="FCFP/def1: timeout defined" time="0.000" /><testcase classname="static.cat1_workspace_creation" name="FCFP/upf1: dependency defined" time="0.000" /><testcase classname="static.cat1_workspace_creation" name="FCFP/upf1: stage_types defined" time="0.000" /><testcase classname="static.cat1_workspace_creation" name="FCFP/upf1: node_types defined" time="0.000" /><testcase classname="static.cat1_workspace_creation" name="FCFP/upf1: timeout defined" time="0.000" /><testcase classname="static.cat1_workspace_creation" name="FCFP/library1: dependency defined" time="0.000" /><testcase classname="static.cat1_workspace_creation" name="FCFP/library1: stage_types defined" time="0.000" /><testcase classname="static.cat1_workspace_creation" name="FCFP/library1: node_types defined" time="0.000" /><testcase classname="static.cat1_workspace_creation" name="FCFP/library1: timeout defined" time="0.000" /><testcase classname="static.cat1_workspace_creation" name="FCFP/init_design1: dependency defined" time="0.000" /><testcase classname="static.cat1_workspace_creation" name="FCFP/init_design1: stage_types defined" time="0.000" /><testcase classname="static.cat1_workspace_creation" name="FCFP/init_design1: node_types defined" time="0.000" /><testcase classname="static.cat1_workspace_creation" name="FCFP/init_design1: timeout defined" time="0.000" /><testcase classname="static.cat1_workspace_creation" name="FCFP/commit_blocks1: dependency defined" time="0.000" /><testcase classname="static.cat1_workspace_creation" name="FCFP/commit_blocks1: stage_types defined" time="0.000" /><testcase classname="static.cat1_workspace_creation" name="FCFP/commit_blocks1: node_types defined" time="0.000" /><testcase classname="static.cat1_workspace_creation" name="FCFP/commit_blocks1: timeout defined" time="0.000" /><testcase classname="static.cat1_workspace_creation" name="FCFP/init_compile1: dependency defined" time="0.000" /><testcase classname="static.cat1_workspace_creation" name="FCFP/init_compile1: stage_types defined" time="0.000" /><testcase classname="static.cat1_workspace_creation" name="FCFP/init_compile1: node_types defined" time="0.000" /><testcase classname="static.cat1_workspace_creation" name="FCFP/init_compile1: timeout defined" time="0.000" /><testcase classname="static.cat1_workspace_creation" name="FCFP/create_floorplan1: dependency defined" time="0.000" /><testcase classname="static.cat1_workspace_creation" name="FCFP/create_floorplan1: stage_types defined" time="0.000" /><testcase classname="static.cat1_workspace_creation" name="FCFP/create_floorplan1: node_types defined" time="0.000" /><testcase classname="static.cat1_workspace_creation" name="FCFP/create_floorplan1: timeout defined" time="0.000" /><testcase classname="static.cat1_workspace_creation" name="FCFP/shaping1: dependency defined" time="0.000" /><testcase classname="static.cat1_workspace_creation" name="FCFP/shaping1: stage_types defined" time="0.000" /><testcase classname="static.cat1_workspace_creation" name="FCFP/shaping1: node_types defined" time="0.000" /><testcase classname="static.cat1_workspace_creation" name="FCFP/shaping1: timeout defined" time="0.000" /><testcase classname="static.cat1_workspace_creation" name="FCFP/placement1: dependency defined" time="0.000" /><testcase classname="static.cat1_workspace_creation" name="FCFP/placement1: stage_types defined" time="0.000" /><testcase classname="static.cat1_workspace_creation" name="FCFP/placement1: node_types defined" time="0.000" /><testcase classname="static.cat1_workspace_creation" name="FCFP/placement1: timeout defined" time="0.000" /><testcase classname="static.cat1_workspace_creation" name="FCFP/create_power1: dependency defined" time="0.000" /><testcase classname="static.cat1_workspace_creation" name="FCFP/create_power1: stage_types defined" time="0.000" /><testcase classname="static.cat1_workspace_creation" name="FCFP/create_power1: node_types defined" time="0.000" /><testcase classname="static.cat1_workspace_creation" name="FCFP/create_power1: timeout defined" time="0.000" /><testcase classname="static.cat1_workspace_creation" name="FCFP/place_pins1: dependency defined" time="0.000" /><testcase classname="static.cat1_workspace_creation" name="FCFP/place_pins1: stage_types defined" time="0.000" /><testcase classname="static.cat1_workspace_creation" name="FCFP/place_pins1: node_types defined" time="0.000" /><testcase classname="static.cat1_workspace_creation" name="FCFP/place_pins1: timeout defined" time="0.000" /><testcase classname="static.cat1_workspace_creation" name="FCFP/top_compile1: dependency defined" time="0.000" /><testcase classname="static.cat1_workspace_creation" name="FCFP/top_compile1: stage_types defined" time="0.000" /><testcase classname="static.cat1_workspace_creation" name="FCFP/top_compile1: node_types defined" time="0.000" /><testcase classname="static.cat1_workspace_creation" name="FCFP/top_compile1: timeout defined" time="0.000" /><testcase classname="static.cat1_workspace_creation" name="FCFP/timing_budget1: dependency defined" time="0.000" /><testcase classname="static.cat1_workspace_creation" name="FCFP/timing_budget1: stage_types defined" time="0.000" /><testcase classname="static.cat1_workspace_creation" name="FCFP/timing_budget1: node_types defined" time="0.000" /><testcase classname="static.cat1_workspace_creation" name="FCFP/timing_budget1: timeout defined" time="0.000" /><testcase classname="static.cat1_workspace_creation" name="FCFP/export_data1: dependency defined" time="0.000" /><testcase classname="static.cat1_workspace_creation" name="FCFP/export_data1: stage_types defined" time="0.000" /><testcase classname="static.cat1_workspace_creation" name="FCFP/export_data1: node_types defined" time="0.000" /><testcase classname="static.cat1_workspace_creation" name="FCFP/export_data1: timeout defined" time="0.000" /><testcase classname="static.cat1_workspace_creation" name="FCFP/release_data1: dependency defined" time="0.000" /><testcase classname="static.cat1_workspace_creation" name="FCFP/release_data1: stage_types defined" time="0.000" /><testcase classname="static.cat1_workspace_creation" name="FCFP/release_data1: node_types defined" time="0.000" /><testcase classname="static.cat1_workspace_creation" name="FCFP/release_data1: timeout defined" time="0.000" /><testcase classname="static.cat1_workspace_creation" name="SYNTH_PNR: node config exists" time="0.000" /><testcase classname="static.cat1_workspace_creation" name="SYNTH_PNR: stages defined" time="0.000" /><testcase classname="static.cat1_workspace_creation" name="SYNTH_PNR/rtl1: dependency defined" time="0.000" /><testcase classname="static.cat1_workspace_creation" name="SYNTH_PNR/rtl1: stage_types defined" time="0.000" /><testcase classname="static.cat1_workspace_creation" name="SYNTH_PNR/rtl1: node_types defined" time="0.000" /><testcase classname="static.cat1_workspace_creation" name="SYNTH_PNR/rtl1: timeout defined" time="0.000" /><testcase classname="static.cat1_workspace_creation" name="SYNTH_PNR/sdc1: dependency defined" time="0.000" /><testcase classname="static.cat1_workspace_creation" name="SYNTH_PNR/sdc1: stage_types defined" time="0.000" /><testcase classname="static.cat1_workspace_creation" name="SYNTH_PNR/sdc1: node_types defined" time="0.000" /><testcase classname="static.cat1_workspace_creation" name="SYNTH_PNR/sdc1: timeout defined" time="0.000" /><testcase classname="static.cat1_workspace_creation" name="SYNTH_PNR/upf1: dependency defined" time="0.000" /><testcase classname="static.cat1_workspace_creation" name="SYNTH_PNR/upf1: stage_types defined" time="0.000" /><testcase classname="static.cat1_workspace_creation" name="SYNTH_PNR/upf1: node_types defined" time="0.000" /><testcase classname="static.cat1_workspace_creation" name="SYNTH_PNR/upf1: timeout defined" time="0.000" /><testcase classname="static.cat1_workspace_creation" name="SYNTH_PNR/init_design1: dependency defined" time="0.000" /><testcase classname="static.cat1_workspace_creation" name="SYNTH_PNR/init_design1: stage_types defined" time="0.000" /><testcase classname="static.cat1_workspace_creation" name="SYNTH_PNR/init_design1: node_types defined" time="0.000" /><testcase classname="static.cat1_workspace_creation" name="SYNTH_PNR/init_design1: timeout defined" time="0.000" /><testcase classname="static.cat1_workspace_creation" name="SYNTH_PNR/synthesis1: dependency defined" time="0.000" /><testcase classname="static.cat1_workspace_creation" name="SYNTH_PNR/synthesis1: stage_types defined" time="0.000" /><testcase classname="static.cat1_workspace_creation" name="SYNTH_PNR/synthesis1: node_types defined" time="0.000" /><testcase classname="static.cat1_workspace_creation" name="SYNTH_PNR/synthesis1: timeout defined" time="0.000" /><testcase classname="static.cat1_workspace_creation" name="SYNTH_PNR/place1: dependency defined" time="0.000" /><testcase classname="static.cat1_workspace_creation" name="SYNTH_PNR/place1: stage_types defined" time="0.000" /><testcase classname="static.cat1_workspace_creation" name="SYNTH_PNR/place1: node_types defined" time="0.000" /><testcase classname="static.cat1_workspace_creation" name="SYNTH_PNR/place1: timeout defined" time="0.000" /><testcase classname="static.cat1_workspace_creation" name="SYNTH_PNR/cts1: dependency defined" time="0.000" /><testcase classname="static.cat1_workspace_creation" name="SYNTH_PNR/cts1: stage_types defined" time="0.000" /><testcase classname="static.cat1_workspace_creation" name="SYNTH_PNR/cts1: node_types defined" time="0.000" /><testcase classname="static.cat1_workspace_creation" name="SYNTH_PNR/cts1: timeout defined" time="0.000" /><testcase classname="static.cat1_workspace_creation" name="SYNTH_PNR/cts_opt1: dependency defined" time="0.000" /><testcase classname="static.cat1_workspace_creation" name="SYNTH_PNR/cts_opt1: stage_types defined" time="0.000" /><testcase classname="static.cat1_workspace_creation" name="SYNTH_PNR/cts_opt1: node_types defined" time="0.000" /><testcase classname="static.cat1_workspace_creation" name="SYNTH_PNR/cts_opt1: timeout defined" time="0.000" /><testcase classname="static.cat1_workspace_creation" name="SYNTH_PNR/route1: dependency defined" time="0.000" /><testcase classname="static.cat1_workspace_creation" name="SYNTH_PNR/route1: stage_types defined" time="0.000" /><testcase classname="static.cat1_workspace_creation" name="SYNTH_PNR/route1: node_types defined" time="0.000" /><testcase classname="static.cat1_workspace_creation" name="SYNTH_PNR/route1: timeout defined" time="0.000" /><testcase classname="static.cat1_workspace_creation" name="SYNTH_PNR
[...]
cadence/voltus/power_analysis_voltus.tcl: STAGE_NAME ok" time="0.000" /><testcase classname="static.cat9_dead_code_audit" name="EMIR/cadence/voltus/release_data_voltus.tcl: STAGE_NAME ok" time="0.000" /><testcase classname="static.cat9_dead_code_audit" name="EMIR/cadence/voltus/thermal_analysis_voltus.tcl: STAGE_NAME ok" time="0.000" /><testcase classname="static.cat9_dead_code_audit" name="EMIR/synopsys/redhawk/ir_drop_subnode_handler.tcl: cmd_file resolves" time="0.000" /><testcase classname="static.cat9_dead_code_audit" name="EMIR/synopsys/redhawk/power_analysis_subnode_handler.tcl: cmd_file resolves" time="0.000" /><testcase classname="static.cat9_dead_code_audit" name="EMIR/synopsys/redhawk/thermal_analysis_subnode_handler.tcl: cmd_file resolves" time="0.000" /><testcase classname="static.cat9_dead_code_audit" name="EMIR/synopsys/redhawk/inputs_redhawk.tcl: STAGE_NAME ok" time="0.000" /><testcase classname="static.cat9_dead_code_audit" name="EMIR/synopsys/redhawk/ir_drop_redhawk.tcl: STAGE_NAME ok" time="0.000" /><testcase classname="static.cat9_dead_code_audit" name="EMIR/synopsys/redhawk/power_analysis_redhawk.tcl: STAGE_NAME ok" time="0.000" /><testcase classname="static.cat9_dead_code_audit" name="EMIR/synopsys/redhawk/release_data_redhawk.tcl: STAGE_NAME ok" time="0.000" /><testcase classname="static.cat9_dead_code_audit" name="EMIR/synopsys/redhawk/thermal_analysis_redhawk.tcl: STAGE_NAME ok" time="0.000" /><testcase classname="static.cat9_dead_code_audit" name="PV/mentor/calibre/drc_subnode_handler.tcl: cmd_file resolves" time="0.000" /><testcase classname="static.cat9_dead_code_audit" name="PV/mentor/calibre/erc_subnode_handler.tcl: cmd_file resolves" time="0.000" /><testcase classname="static.cat9_dead_code_audit" name="PV/mentor/calibre/fill_subnode_handler.tcl: cmd_file resolves" time="0.000" /><testcase classname="static.cat9_dead_code_audit" name="PV/mentor/calibre/lvs_subnode_handler.tcl: cmd_file resolves" time="0.000" /><testcase classname="static.cat9_dead_code_audit" name="PV/mentor/calibre/merge_data_subnode_handler.tcl: cmd_file resolves" time="0.000" /><testcase classname="static.cat9_dead_code_audit" name="PV/mentor/calibre/perc_subnode_handler.tcl: cmd_file resolves" time="0.000" /><testcase classname="static.cat9_dead_code_audit" name="PV/mentor/calibre/release_data_subnode_handler.tcl: cmd_file resolves" time="0.000" /><testcase classname="static.cat9_dead_code_audit" name="PV/mentor/calibre/xor_subnode_handler.tcl: cmd_file resolves" time="0.000" /><testcase classname="static.cat9_dead_code_audit" name="PV/mentor/calibre/drc_calibre.tcl: STAGE_NAME ok" time="0.000" /><testcase classname="static.cat9_dead_code_audit" name="PV/mentor/calibre/erc_calibre.tcl: STAGE_NAME ok" time="0.000" /><testcase classname="static.cat9_dead_code_audit" name="PV/mentor/calibre/fill_calibre.tcl: STAGE_NAME ok" time="0.000" /><testcase classname="static.cat9_dead_code_audit" name="PV/mentor/calibre/inputs_calibre.tcl: STAGE_NAME ok" time="0.000" /><testcase classname="static.cat9_dead_code_audit" name="PV/mentor/calibre/lvs_calibre.tcl: STAGE_NAME ok" time="0.000" /><testcase classname="static.cat9_dead_code_audit" name="PV/mentor/calibre/merge_data_calibre.tcl: STAGE_NAME ok" time="0.000" /><testcase classname="static.cat9_dead_code_audit" name="PV/mentor/calibre/perc_calibre.tcl: STAGE_NAME ok" time="0.000" /><testcase classname="static.cat9_dead_code_audit" name="PV/mentor/calibre/release_data_calibre.tcl: STAGE_NAME ok" time="0.000" /><testcase classname="static.cat9_dead_code_audit" name="PV/mentor/calibre/xor_calibre.tcl: STAGE_NAME ok" time="0.000" /><testcase classname="static.cat9_dead_code_audit" name="PV/synopsys/icv/drc_subnode_handler.tcl: cmd_file resolves" time="0.000" /><testcase classname="static.cat9_dead_code_audit" name="PV/synopsys/icv/erc_subnode_handler.tcl: cmd_file resolves" time="0.000" /><testcase classname="static.cat9_dead_code_audit" name="PV/synopsys/icv/fill_subnode_handler.tcl: cmd_file resolves" time="0.000" /><testcase classname="static.cat9_dead_code_audit" name="PV/synopsys/icv/lvs_subnode_handler.tcl: cmd_file resolves" time="0.000" /><testcase classname="static.cat9_dead_code_audit" name="PV/synopsys/icv/merge_data_subnode_handler.tcl: cmd_file resolves" time="0.000" /><testcase classname="static.cat9_dead_code_audit" name="PV/synopsys/icv/perc_subnode_handler.tcl: cmd_file resolves" time="0.000" /><testcase classname="static.cat9_dead_code_audit" name="PV/synopsys/icv/release_data_subnode_handler.tcl: cmd_file resolves" time="0.000" /><testcase classname="static.cat9_dead_code_audit" name="PV/synopsys/icv/xor_subnode_handler.tcl: cmd_file resolves" time="0.000" /><testcase classname="static.cat9_dead_code_audit" name="PV/synopsys/icv/drc_icv.tcl: STAGE_NAME ok" time="0.000" /><testcase classname="static.cat9_dead_code_audit" name="PV/synopsys/icv/erc_icv.tcl: STAGE_NAME ok" time="0.000" /><testcase classname="static.cat9_dead_code_audit" name="PV/synopsys/icv/fill_icv.tcl: STAGE_NAME ok" time="0.000" /><testcase classname="static.cat9_dead_code_audit" name="PV/synopsys/icv/inputs_icv.tcl: STAGE_NAME ok" time="0.000" /><testcase classname="static.cat9_dead_code_audit" name="PV/synopsys/icv/lvs_icv.tcl: STAGE_NAME ok" time="0.000" /><testcase classname="static.cat9_dead_code_audit" name="PV/synopsys/icv/merge_data_icv.tcl: STAGE_NAME ok" time="0.000" /><testcase classname="static.cat9_dead_code_audit" name="PV/synopsys/icv/perc_icv.tcl: STAGE_NAME ok" time="0.000" /><testcase classname="static.cat9_dead_code_audit" name="PV/synopsys/icv/release_data_icv.tcl: STAGE_NAME ok" time="0.000" /><testcase classname="static.cat9_dead_code_audit" name="PV/synopsys/icv/xor_icv.tcl: STAGE_NAME ok" time="0.000" /><testcase classname="static.cat9_dead_code_audit" name="ECO/cadence/innovus/eco_subnode_handler.tcl: cmd_file resolves" time="0.000" /><testcase classname="static.cat9_dead_code_audit" name="ECO/cadence/innovus/export_db_subnode_handler.tcl: cmd_file resolves" time="0.000" /><testcase classname="static.cat9_dead_code_audit" name="ECO/cadence/innovus/eco_innovus.tcl: STAGE_NAME ok" time="0.000" /><testcase classname="static.cat9_dead_code_audit" name="ECO/cadence/innovus/export_db_innovus.tcl: STAGE_NAME ok" time="0.000" /><testcase classname="static.cat9_dead_code_audit" name="ECO/cadence/innovus/inputs_innovus.tcl: STAGE_NAME ok" time="0.000" /><testcase classname="static.cat9_dead_code_audit" name="ECO/synopsys/fc/eco_subnode_handler.tcl: cmd_file resolves" time="0.000" /><testcase classname="static.cat9_dead_code_audit" name="ECO/synopsys/fc/export_db_subnode_handler.tcl: cmd_file resolves" time="0.000" /><testcase classname="static.cat9_dead_code_audit" name="ECO/synopsys/fc/eco_fc.tcl: STAGE_NAME ok" time="0.000" /><testcase classname="static.cat9_dead_code_audit" name="ECO/synopsys/fc/export_db_fc.tcl: STAGE_NAME ok" time="0.000" /><testcase classname="static.cat9_dead_code_audit" name="ECO/synopsys/fc/inputs_fc.tcl: STAGE_NAME ok" time="0.000" /><testcase classname="static.cat9_dead_code_audit" name="CLP/cadence/conformal_lp/clp_subnode_handler.tcl: cmd_file resolves" time="0.000" /><testcase classname="static.cat9_dead_code_audit" name="CLP/cadence/conformal_lp/release_data_subnode_handler.tcl: cmd_file resolves" time="0.000" /><testcase classname="static.cat9_dead_code_audit" name="CLP/cadence/conformal_lp/clp_conformal_lp.tcl: STAGE_NAME ok" time="0.000" /><testcase classname="static.cat9_dead_code_audit" name="CLP/cadence/conformal_lp/inputs_conformal_lp.tcl: STAGE_NAME ok" time="0.000" /><testcase classname="static.cat9_dead_code_audit" name="CLP/cadence/conformal_lp/release_data_conformal_lp.tcl: STAGE_NAME ok" time="0.000" /><testcase classname="static.cat9_dead_code_audit" name="CLP/synopsys/vc_lp/clp_subnode_handler.tcl: cmd_file resolves" time="0.000" /><testcase classname="static.cat9_dead_code_audit" name="CLP/synopsys/vc_lp/release_data_subnode_handler.tcl: cmd_file resolves" time="0.000" /><testcase classname="static.cat9_dead_code_audit" name="CLP/synopsys/vc_lp/clp_vc_lp.tcl: STAGE_NAME ok" time="0.000" /><testcase classname="static.cat9_dead_code_audit" name="CLP/synopsys/vc_lp/inputs_vc_lp.tcl: STAGE_NAME ok" time="0.000" /><testcase classname="static.cat9_dead_code_audit" name="CLP/synopsys/vc_lp/release_data_vc_lp.tcl: STAGE_NAME ok" time="0.000" /><testcase classname="static.cat9_dead_code_audit" name="POPT/synopsys/power_compiler/inputs_power_compiler.tcl: STAGE_NAME ok" time="0.000" /><testcase classname="static.cat9_dead_code_audit" name="POPT/synopsys/power_compiler/merge_timing_power_compiler.tcl: STAGE_NAME ok" time="0.000" /><testcase classname="static.cat9_dead_code_audit" name="POPT/synopsys/power_compiler/post_merge_power_compiler.tcl: STAGE_NAME ok" time="0.000" /><testcase classname="static.cat9_dead_code_audit" name="POPT/synopsys/power_compiler/power_opt_power_compiler.tcl: STAGE_NAME ok" time="0.000" /><testcase classname="static.cat9_dead_code_audit" name="POPT/synopsys/power_compiler/release_data_power_compiler.tcl: STAGE_NAME ok" time="0.000" /><testcase classname="static.cat9_dead_code_audit" name="POPT/synopsys/pt/merge_timing_subnode_handler.tcl: cmd_file resolves" time="0.000" /><testcase classname="static.cat9_dead_code_audit" name="POPT/synopsys/pt/post_merge_subnode_handler.tcl: cmd_file resolves" time="0.000" /><testcase classname="static.cat9_dead_code_audit" name="POPT/synopsys/pt/power_opt_subnode_handler.tcl: cmd_file resolves" time="0.000" /><testcase classname="static.cat9_dead_code_audit" name="POPT/synopsys/pt/release_data_subnode_handler.tcl: cmd_file resolves" time="0.000" /><testcase classname="static.cat9_dead_code_audit" name="POPT/synopsys/pt/dmsa_master.tcl: stage not in flow list" time="0.000"><skipped message="expected_stage=&quot;dmsa&quot; not in POPT.stages (may be a sub-view or pre-stage file)" /></testcase><testcase classname="static.cat9_dead_code_audit" name="POPT/synopsys/pt/dmsa_worker.tcl: stage not in flow list" time="0.000"><skipped message="expected_stage=&quot;dmsa&quot; not in POPT.stages (may be a sub-view or pre-stage file)" /></testcase><testcase classname="static.cat9_dead_code_audit" name="POPT/synopsys/pt/inputs_pt.tcl: STAGE_NAME ok" time="0.000" /><testcase classname="static.cat9_dead_code_audit" name="POPT/synopsys/pt/merge_timing_pt.tcl: STAGE_NAME ok" time="0.000" /><testcase classname="static.cat9_dead_code_audit" name="POPT/synopsys/pt/post_merge_pt.tcl: STAGE_NAME ok" time="0.000" /><testcase classname="static.cat9_dead_code_audit" name="POPT/synopsys/pt/power_opt_pt.tcl: STAGE_NAME ok" time="0.000" /><testcase classname="static.cat9_dead_code_audit" name="POPT/synopsys/pt/release_data_pt.tcl: STAGE_NAME ok" time="0.000" /><testcase classname="static.cat9_dead_code_audit" name="FCFP/cadence/innovus/export_data_subnode_handler.tcl: cmd_file resolves" time="0.000" /><testcase classname="static.cat9_dead_code_audit" name="FCFP/cadence/innovus/fc_floorplan_subnode_handler.tcl: cmd_file resolves" time="0.000" /><testcase classname="static.cat9_dead_code_audit" name="FCFP/cadence/innovus/fc_post_floorplan_subnode_handler.tcl: cmd_file resolves" time="0.000" /><testcase classname="static.cat9_dead_code_audit" name="FCFP/cadence/innovus/fc_powerplan_subnode_handler.tcl: cmd_file resolves" time="0.000" /><testcase classname="static.cat9_dead_code_audit" name="FCFP/cadence/innovus/release_data_subnode_handler.tcl: cmd_file resolves" time="0.000" /><testcase classname="static.cat9_dead_code_audit" name="FCFP/cadence/innovus/fc_floorplan_innovus.tcl: stage not in flow list" time="0.000"><skipped message="expected_stage=&quot;fc_floorplan&quot; not in FCFP.stages (may be a sub-view or pre-stage file)" /></testcase><testcase classname="static.cat9_dead_code_audit" name="FCFP/cadence/innovus/fc_post_floorplan_innovus.tcl: stage not in flow list" time="0.000"><skipped message="expected_stage=&quot;fc_post_floorplan&quot; not in FCFP.stages (may be a sub-view or pre-stage file)" /></testcase><testcase classname="static.cat9_dead_code_audit" name="FCFP/cadence/innovus/fc_powerplan_innovus.tcl: stage not in flow list" time="0.000"><skipped message="expected_stage=&quot;fc_powerplan&quot; not in FCFP.stages (may be a sub-view or pre-stage file)" /></testcase><testcase classname="static.cat9_dead_code_audit" name="FCFP/synopsys/fc/commit_blocks_subnode_handler.tcl: cmd_file resolves" time="0.000" /><testcase classname="static.cat9_dead_code_audit" name="FCFP/synopsys/fc/create_floorplan_subnode_handler.tcl: cmd_file resolves" time="0.000" /><testcase classname="static.cat9_dead_code_audit" name="FCFP/synopsys/fc/create_power_subnode_handler.tcl: cmd_file resolves" time="0.000" /><testcase classname="static.cat9_dead_code_audit" name="FCFP/synopsys/fc/export_data_subnode_handler.tcl: cmd_file resolves" time="0.000" /><testcase classname="static.cat9_dead_code_audit" name="FCFP/synopsys/fc/fc_floorplan_subnode_handler.tcl: cmd_file resolves" time="0.000" /><testcase classname="static.cat9_dead_code_audit" name="FCFP/synopsys/fc/fc_post_floorplan_subnode_handler.tcl: cmd_file resolves" time="0.000" /><testcase classname="static.cat9_dead_code_audit" name="FCFP/synopsys/fc/fc_powerplan_subnode_handler.tcl: cmd_file resolves" time="0.000" /><testcase classname="static.cat9_dead_code_audit" name="FCFP/synopsys/fc/init_compile_subnode_handler.tcl: cmd_file resolves" time="0.000" /><testcase classname="static.cat9_dead_code_audit" name="FCFP/synopsys/fc/init_design_subnode_handler.tcl: cmd_file resolves" time="0.000" /><testcase classname="static.cat9_dead_code_audit" name="FCFP/synopsys/fc/place_pins_subnode_handler.tcl: cmd_file resolves" time="0.000" /><testcase classname="static.cat9_dead_code_audit" name="FCFP/synopsys/fc/placement_subnode_handler.tcl: cmd_file resolves" time="0.000" /><testcase classname="static.cat9_dead_code_audit" name="FCFP/synopsys/fc/release_data_subnode_handler.tcl: cmd_file resolves" time="0.000" /><testcase classname="static.cat9_dead_code_audit" name="FCFP/synopsys/fc/shaping_subnode_handler.tcl: cmd_file resolves" time="0.000" /><testcase classname="static.cat9_dead_code_audit" name="FCFP/synopsys/fc/timing_budget_subnode_handler.tcl: cmd_file resolves" time="0.000" /><testcase classname="static.cat9_dead_code_audit" name="FCFP/synopsys/fc/top_compile_subnode_handler.tcl: cmd_file resolves" time="0.000" /><testcase classname="static.cat9_dead_code_audit" name="FCFP/synopsys/fc/commit_blocks_fc.tcl: STAGE_NAME ok" time="0.000" /><testcase classname="static.cat9_dead_code_audit" name="FCFP/synopsys/fc/create_floorplan_fc.tcl: STAGE_NAME ok" time="0.000" /><testcase classname="static.cat9_dead_code_audit" name="FCFP/synopsys/fc/create_power_fc.tcl: STAGE_NAME ok" time="0.000" /><testcase classname="static.cat9_dead_code_audit" name="FCFP/synopsys/fc/export_data_fc.tcl: STAGE_NAME ok" time="0.000" /><testcase classname="static.cat9_dead_code_audit" name="FCFP/synopsys/fc/fc_floorplan_fc.tcl: STAGE_NAME ok" time="0.000" /><testcase classname="static.cat9_dead_code_audit" name="FCFP/synopsys/fc/fc_floorplan_fc.tcl: stage not in flow list" time="0.000"><skipped message="expected_stage=&quot;fc_floorplan&quot; not in FCFP.stages (may be a sub-view or pre-stage file)" /></testcase><testcase classname="static.cat9_dead_code_audit" name="FCFP/synopsys/fc/fc_post_floorplan_fc.tcl: STAGE_NAME ok" time="0.000" /><testcase classname="static.cat9_dead_code_audit" name="FCFP/synopsys/fc/fc_post_floorplan_fc.tcl: stage not in flow list" time="0.000"><skipped message="expected_stage=&quot;fc_post_floorplan&quot; not in FCFP.stages (may be a sub-view or pre-stage file)" /></testcase><testcase classname="static.cat9_dead_code_audit" name="FCFP/synopsys/fc/fc_powerplan_fc.tcl: STAGE_NAME ok" time="0.000" /><testcase classname="static.cat9_dead_code_audit" name="FCFP/synopsys/fc/fc_powerplan_fc.tcl: stage not in flow list" time="0.000"><skipped message="expected_stage=&quot;fc_powerplan&quot; not in FCFP.stages (may be a sub-view or pre-stage file)" /></testcase><testcase classname="static.cat9_dead_code_audit" name="FCFP/synopsys/fc/init_compile_fc.tcl: STAGE_NAME ok" time="0.000" /><testcase classname="static.cat9_dead_code_audit" name="FCFP/synopsys/fc/init_design_fc.tcl: STAGE_NAME ok" time="0.000" /><testcase classname="static.cat9_dead_code_audit" name="FCFP/synopsys/fc/inputs_fc.tcl: STAGE_NAME ok" time="0.000" /><testcase classname="static.cat9_dead_code_audit" name="FCFP/synopsys/fc/place_pins_fc.tcl: STAGE_NAME ok" time="0.000" /><testcase classname="static.cat9_dead_code_audit" name="FCFP/synopsys/fc/placement_fc.tcl: STAGE_NAME ok" time="0.000" /><testcase classname="static.cat9_dead_code_audit" name="FCFP/synopsys/fc/release_data_fc.tcl: STAGE_NAME ok" time="0.000" /><testcase classname="static.cat9_dead_code_audit" name="FCFP/synopsys/fc/shaping_fc.tcl: STAGE_NAME ok" time="0.000" /><testcase classname="static.cat9_dead_code_audit" name="FCFP/synopsys/fc/timing_budget_fc.tcl: STAGE_NAME ok" time="0.000" /><testcase classname="static.cat9_dead_code_audit" name="FCFP/synopsys/fc/top_compile_fc.tcl: STAGE_NAME ok" time="0.000" /><testcase classname="static.cat9_dead_code_audit" name="SYNTH_PNR/synopsys/fc/cts_opt_subnode_handler.tcl: cmd_file resolves" time="0.000" /><testcase classname="static.cat9_dead_code_audit" name="SYNTH_PNR/synopsys/fc/cts_subnode_handler.tcl: cmd_file resolves" time="0.000" /><testcase classname="static.cat9_dead_code_audit" name="SYNTH_PNR/synopsys/fc/export_data_subnode_handler.tcl: cmd_file resolves" time="0.000" /><testcase classname="static.cat9_dead_code_audit" name="SYNTH_PNR/synopsys/fc/init_design_subnode_handler.tcl: cmd_file resolves" time="0.000" /><testcase classname="static.cat9_dead_code_audit" name="SYNTH_PNR/synopsys/fc/place_subnode_handler.tcl: cmd_file resolves" time="0.000" /><testcase classname="static.cat9_dead_code_audit" name="SYNTH_PNR/synopsys/fc/pro_subnode_handler.tcl: cmd_file resolves" time="0.000" /><testcase classname="static.cat9_dead_code_audit" name="SYNTH_PNR/synopsys/fc/release_data_subnode_handler.tcl: cmd_file resolves" time="0.000" /><testcase classname="static.cat9_dead_code_audit" name="SYNTH_PNR/synopsys/fc/route_subnode_handler.tcl: cmd_file resolves" time="0.000" /><testcase classname="static.cat9_dead_code_audit" name="SYNTH_PNR/synopsys/fc/signoff_subnode_handler.tcl: cmd_file resolves" time="0.000" /><testcase classname="static.cat9_dead_code_audit" name="SYNTH_PNR/synopsys/fc/synthesis_subnode_handler.tcl: cmd_file resolves" time="0.000" /><testcase classname="static.cat9_dead_code_audit" name="SYNTH_PNR/synopsys/fc/cts_fc.tcl: STAGE_NAME ok" time="0.000" /><testcase classname="static.cat9_dead_code_audit" name="SYNTH_PNR/synopsys/fc/cts_opt_fc.tcl: STAGE_NAME ok" time="0.000" /><testcase classname="static.cat9_dead_code_audit" name="SYNTH_PNR/synopsys/fc/export_data_fc.tcl: STAGE_NAME ok" time="0.000" /><testcase classname="static.cat9_dead_code_audit" name="SYNTH_PNR/synopsys/fc/init_design_fc.tcl: STAGE_NAME ok" time="0.000" /><testcase classname="static.cat9_dead_code_audit" name="SYNTH_PNR/synopsys/fc/inputs_fc.tcl: STAGE_NAME ok" time="0.000" /><testcase classname="static.cat9_dead_code_audit" name="SYNTH_PNR/synopsys/fc/place_fc.tcl: STAGE_NAME ok" time="0.000" /><testcase classname="static.cat9_dead_code_audit" name="SYNTH_PNR/synopsys/fc/pro_fc.tcl: STAGE_NAME ok" time="0.000" /><testcase classname="static.cat9_dead_code_audit" name="SYNTH_PNR/synopsys/fc/release_data_fc.tcl: STAGE_NAME ok" time="0.000" /><testcase classname="static.cat9_dead_code_audit" name="SYNTH_PNR/synopsys/fc/route_fc.tcl: STAGE_NAME ok" time="0.000" /><testcase classname="static.cat9_dead_code_audit" name="SYNTH_PNR/synopsys/fc/signoff_fc.tcl: STAGE_NAME ok" time="0.000" /><testcase classname="static.cat9_dead_code_audit" name="SYNTH_PNR/synopsys/fc/synthesis_fc.tcl: STAGE_NAME ok" time="0.000" /></testsuite></testsuites>